<?xml version="1.0" encoding="UTF-8"?>
<testsuite name="ru.stqa.pft.addressbook.tests.GroupCreationTests" tests="4" skipped="0" failures="0" errors="0" timestamp="2022-06-27T17:08:02" hostname="ASUS-VIVOBOOKPR" time="4.201">
  <properties/>
  <testcase name="testBadGroupCreation" classname="ru.stqa.pft.addressbook.tests.GroupCreationTests" time="1.304"/>
  <testcase name="testGroupCreation[0](GroupData{id='2147483647', name='test name 0'})" classname="ru.stqa.pft.addressbook.tests.GroupCreationTests" time="1.021"/>
  <testcase name="testGroupCreation[1](GroupData{id='2147483647', name='test name 1'})" classname="ru.stqa.pft.addressbook.tests.GroupCreationTests" time="0.966"/>
  <testcase name="testGroupCreation[2](GroupData{id='2147483647', name='test name 2'})" classname="ru.stqa.pft.addressbook.tests.GroupCreationTests" time="0.906"/>
  <system-out><![CDATA[20:08:02.454 [Forwarding findElement on session 335235c0d12ef8d11a67a6a8efe4f74a to remote] DEBUG o.a.netty.request.NettyRequestSender - Using pooled Channel '[id: 0x4ab95111, L:/127.0.0.1:53689 - R:localhost/127.0.0.1:49214]' for 'POST' to 'http://localhost:49214/session/335235c0d12ef8d11a67a6a8efe4f74a/element'
20:08:02.454 [Forwarding findElement on session 335235c0d12ef8d11a67a6a8efe4f74a to remote] DEBUG o.a.netty.request.NettyRequestSender - Using open Channel [id: 0x4ab95111, L:/127.0.0.1:53689 - R:localhost/127.0.0.1:49214] for POST '/session/335235c0d12ef8d11a67a6a8efe4f74a/element'
20:08:02.468 [AsyncHttpClient-1-2] DEBUG o.a.netty.handler.HttpHandler - 

Request DefaultHttpRequest(decodeResult: success, version: HTTP/1.1)
POST /session/335235c0d12ef8d11a67a6a8efe4f74a/element HTTP/1.1
User-Agent: selenium/4.1.4 (java windows)
Content-Length: 42
Content-Type: application/json; charset=utf-8
host: localhost:49214
accept: */*

Response DefaultHttpResponse(decodeResult: success, version: HTTP/1.1)
HTTP/1.1 200 OK
Content-Type: application/json; charset=utf-8
cache-control: no-cache
content-length: 88

20:08:02.468 [AsyncHttpClient-1-2] DEBUG o.a.netty.channel.ChannelManager - Adding key: http://localhost:49214 for channel [id: 0x4ab95111, L:/127.0.0.1:53689 - R:localhost/127.0.0.1:49214]
20:08:02.469 [Forwarding findElement on session 335235c0d12ef8d11a67a6a8efe4f74a to remote] DEBUG o.a.netty.request.NettyRequestSender - Using pooled Channel '[id: 0x4ab95111, L:/127.0.0.1:53689 - R:localhost/127.0.0.1:49214]' for 'POST' to 'http://localhost:49214/session/335235c0d12ef8d11a67a6a8efe4f74a/element'
20:08:02.469 [Forwarding findElement on session 335235c0d12ef8d11a67a6a8efe4f74a to remote] DEBUG o.a.netty.request.NettyRequestSender - Using open Channel [id: 0x4ab95111, L:/127.0.0.1:53689 - R:localhost/127.0.0.1:49214] for POST '/session/335235c0d12ef8d11a67a6a8efe4f74a/element'
20:08:02.477 [AsyncHttpClient-1-2] DEBUG o.a.netty.handler.HttpHandler - 

Request DefaultHttpRequest(decodeResult: success, version: HTTP/1.1)
POST /session/335235c0d12ef8d11a67a6a8efe4f74a/element HTTP/1.1
User-Agent: selenium/4.1.4 (java windows)
Content-Length: 42
Content-Type: application/json; charset=utf-8
host: localhost:49214
accept: */*

Response DefaultHttpResponse(decodeResult: success, version: HTTP/1.1)
HTTP/1.1 200 OK
Content-Type: application/json; charset=utf-8
cache-control: no-cache
content-length: 88

20:08:02.477 [AsyncHttpClient-1-2] DEBUG o.a.netty.channel.ChannelManager - Adding key: http://localhost:49214 for channel [id: 0x4ab95111, L:/127.0.0.1:53689 - R:localhost/127.0.0.1:49214]
20:08:02.478 [Forwarding getElementText on session 335235c0d12ef8d11a67a6a8efe4f74a to remote] DEBUG o.a.netty.request.NettyRequestSender - Using pooled Channel '[id: 0x4ab95111, L:/127.0.0.1:53689 - R:localhost/127.0.0.1:49214]' for 'GET' to 'http://localhost:49214/session/335235c0d12ef8d11a67a6a8efe4f74a/element/135454e6-2df5-4b5f-be26-8e786073696b/text'
20:08:02.478 [Forwarding getElementText on session 335235c0d12ef8d11a67a6a8efe4f74a to remote] DEBUG o.a.netty.request.NettyRequestSender - Using open Channel [id: 0x4ab95111, L:/127.0.0.1:53689 - R:localhost/127.0.0.1:49214] for GET '/session/335235c0d12ef8d11a67a6a8efe4f74a/element/135454e6-2df5-4b5f-be26-8e786073696b/text'
20:08:02.493 [AsyncHttpClient-1-2] DEBUG o.a.netty.handler.HttpHandler - 

Request DefaultFullHttpRequest(decodeResult: success, version: HTTP/1.1, content: EmptyByteBufBE)
GET /session/335235c0d12ef8d11a67a6a8efe4f74a/element/135454e6-2df5-4b5f-be26-8e786073696b/text HTTP/1.1
User-Agent: selenium/4.1.4 (java windows)
Cache-Control: no-cache
Content-Type: application/json; charset=utf-8
host: localhost:49214
accept: */*

Response DefaultHttpResponse(decodeResult: success, version: HTTP/1.1)
HTTP/1.1 200 OK
Content-Type: application/json; charset=utf-8
cache-control: no-cache
content-length: 12

20:08:02.493 [AsyncHttpClient-1-2] DEBUG o.a.netty.channel.ChannelManager - Adding key: http://localhost:49214 for channel [id: 0x4ab95111, L:/127.0.0.1:53689 - R:localhost/127.0.0.1:49214]
20:08:02.495 [Forwarding findElement on session 335235c0d12ef8d11a67a6a8efe4f74a to remote] DEBUG o.a.netty.request.NettyRequestSender - Using pooled Channel '[id: 0x4ab95111, L:/127.0.0.1:53689 - R:localhost/127.0.0.1:49214]' for 'POST' to 'http://localhost:49214/session/335235c0d12ef8d11a67a6a8efe4f74a/element'
20:08:02.495 [Forwarding findElement on session 335235c0d12ef8d11a67a6a8efe4f74a to remote] DEBUG o.a.netty.request.NettyRequestSender - Using open Channel [id: 0x4ab95111, L:/127.0.0.1:53689 - R:localhost/127.0.0.1:49214] for POST '/session/335235c0d12ef8d11a67a6a8efe4f74a/element'
20:08:02.506 [AsyncHttpClient-1-2] DEBUG o.a.netty.handler.HttpHandler - 

Request DefaultHttpRequest(decodeResult: success, version: HTTP/1.1)
POST /session/335235c0d12ef8d11a67a6a8efe4f74a/element HTTP/1.1
User-Agent: selenium/4.1.4 (java windows)
Content-Length: 47
Content-Type: application/json; charset=utf-8
host: localhost:49214
accept: */*

Response DefaultHttpResponse(decodeResult: success, version: HTTP/1.1)
HTTP/1.1 200 OK
Content-Type: application/json; charset=utf-8
cache-control: no-cache
content-length: 88

20:08:02.507 [AsyncHttpClient-1-2] DEBUG o.a.netty.channel.ChannelManager - Adding key: http://localhost:49214 for channel [id: 0x4ab95111, L:/127.0.0.1:53689 - R:localhost/127.0.0.1:49214]
20:08:02.508 [Forwarding clickElement on session 335235c0d12ef8d11a67a6a8efe4f74a to remote] DEBUG o.a.netty.request.NettyRequestSender - Using pooled Channel '[id: 0x4ab95111, L:/127.0.0.1:53689 - R:localhost/127.0.0.1:49214]' for 'POST' to 'http://localhost:49214/session/335235c0d12ef8d11a67a6a8efe4f74a/element/580e4337-20d0-4b04-aada-1bf8805931e5/click'
20:08:02.508 [Forwarding clickElement on session 335235c0d12ef8d11a67a6a8efe4f74a to remote] DEBUG o.a.netty.request.NettyRequestSender - Using open Channel [id: 0x4ab95111, L:/127.0.0.1:53689 - R:localhost/127.0.0.1:49214] for POST '/session/335235c0d12ef8d11a67a6a8efe4f74a/element/580e4337-20d0-4b04-aada-1bf8805931e5/click'
20:08:02.660 [AsyncHttpClient-1-2] DEBUG o.a.netty.handler.HttpHandler - 

Request DefaultHttpRequest(decodeResult: success, version: HTTP/1.1)
POST /session/335235c0d12ef8d11a67a6a8efe4f74a/element/580e4337-20d0-4b04-aada-1bf8805931e5/click HTTP/1.1
User-Agent: selenium/4.1.4 (java windows)
Content-Length: 50
Content-Type: application/json; charset=utf-8
host: localhost:49214
accept: */*

Response DefaultHttpResponse(decodeResult: success, version: HTTP/1.1)
HTTP/1.1 200 OK
Content-Type: application/json; charset=utf-8
cache-control: no-cache
content-length: 14

20:08:02.660 [AsyncHttpClient-1-2] DEBUG o.a.netty.channel.ChannelManager - Adding key: http://localhost:49214 for channel [id: 0x4ab95111, L:/127.0.0.1:53689 - R:localhost/127.0.0.1:49214]
20:08:02.662 [Forwarding findElements on session 335235c0d12ef8d11a67a6a8efe4f74a to remote] DEBUG o.a.netty.request.NettyRequestSender - Using pooled Channel '[id: 0x4ab95111, L:/127.0.0.1:53689 - R:localhost/127.0.0.1:49214]' for 'POST' to 'http://localhost:49214/session/335235c0d12ef8d11a67a6a8efe4f74a/elements'
20:08:02.662 [Forwarding findElements on session 335235c0d12ef8d11a67a6a8efe4f74a to remote] DEBUG o.a.netty.request.NettyRequestSender - Using open Channel [id: 0x4ab95111, L:/127.0.0.1:53689 - R:localhost/127.0.0.1:49214] for POST '/session/335235c0d12ef8d11a67a6a8efe4f74a/elements'
20:08:02.679 [AsyncHttpClient-1-2] DEBUG o.a.netty.handler.HttpHandler - 

Request DefaultHttpRequest(decodeResult: success, version: HTTP/1.1)
POST /session/335235c0d12ef8d11a67a6a8efe4f74a/elements HTTP/1.1
User-Agent: selenium/4.1.4 (java windows)
Content-Length: 54
Content-Type: application/json; charset=utf-8
host: localhost:49214
accept: */*

Response DefaultHttpResponse(decodeResult: success, version: HTTP/1.1)
HTTP/1.1 200 OK
Content-Type: application/json; charset=utf-8
cache-control: no-cache
content-length: 327

20:08:02.680 [AsyncHttpClient-1-2] DEBUG o.a.netty.channel.ChannelManager - Adding key: http://localhost:49214 for channel [id: 0x4ab95111, L:/127.0.0.1:53689 - R:localhost/127.0.0.1:49214]
20:08:02.681 [Forwarding getElementText on session 335235c0d12ef8d11a67a6a8efe4f74a to remote] DEBUG o.a.netty.request.NettyRequestSender - Using pooled Channel '[id: 0x4ab95111, L:/127.0.0.1:53689 - R:localhost/127.0.0.1:49214]' for 'GET' to 'http://localhost:49214/session/335235c0d12ef8d11a67a6a8efe4f74a/element/3a4eb193-142a-43b3-8e04-7045e72f230c/text'
20:08:02.682 [Forwarding getElementText on session 335235c0d12ef8d11a67a6a8efe4f74a to remote] DEBUG o.a.netty.request.NettyRequestSender - Using open Channel [id: 0x4ab95111, L:/127.0.0.1:53689 - R:localhost/127.0.0.1:49214] for GET '/session/335235c0d12ef8d11a67a6a8efe4f74a/element/3a4eb193-142a-43b3-8e04-7045e72f230c/text'
20:08:02.698 [AsyncHttpClient-1-2] DEBUG o.a.netty.handler.HttpHandler - 

Request DefaultFullHttpRequest(decodeResult: success, version: HTTP/1.1, content: EmptyByteBufBE)
GET /session/335235c0d12ef8d11a67a6a8efe4f74a/element/3a4eb193-142a-43b3-8e04-7045e72f230c/text HTTP/1.1
User-Agent: selenium/4.1.4 (java windows)
Cache-Control: no-cache
Content-Type: application/json; charset=utf-8
host: localhost:49214
accept: */*

Response DefaultHttpResponse(decodeResult: success, version: HTTP/1.1)
HTTP/1.1 200 OK
Content-Type: application/json; charset=utf-8
cache-control: no-cache
content-length: 19

20:08:02.699 [AsyncHttpClient-1-2] DEBUG o.a.netty.channel.ChannelManager - Adding key: http://localhost:49214 for channel [id: 0x4ab95111, L:/127.0.0.1:53689 - R:localhost/127.0.0.1:49214]
20:08:02.700 [Forwarding findChildElement on session 335235c0d12ef8d11a67a6a8efe4f74a to remote] DEBUG o.a.netty.request.NettyRequestSender - Using pooled Channel '[id: 0x4ab95111, L:/127.0.0.1:53689 - R:localhost/127.0.0.1:49214]' for 'POST' to 'http://localhost:49214/session/335235c0d12ef8d11a67a6a8efe4f74a/element/3a4eb193-142a-43b3-8e04-7045e72f230c/element'
20:08:02.700 [Forwarding findChildElement on session 335235c0d12ef8d11a67a6a8efe4f74a to remote] DEBUG o.a.netty.request.NettyRequestSender - Using open Channel [id: 0x4ab95111, L:/127.0.0.1:53689 - R:localhost/127.0.0.1:49214] for POST '/session/335235c0d12ef8d11a67a6a8efe4f74a/element/3a4eb193-142a-43b3-8e04-7045e72f230c/element'
20:08:02.708 [AsyncHttpClient-1-2] DEBUG o.a.netty.handler.HttpHandler - 

Request DefaultHttpRequest(decodeResult: success, version: HTTP/1.1)
POST /session/335235c0d12ef8d11a67a6a8efe4f74a/element/3a4eb193-142a-43b3-8e04-7045e72f230c/element HTTP/1.1
User-Agent: selenium/4.1.4 (java windows)
Content-Length: 93
Content-Type: application/json; charset=utf-8
host: localhost:49214
accept: */*

Response DefaultHttpResponse(decodeResult: success, version: HTTP/1.1)
HTTP/1.1 200 OK
Content-Type: application/json; charset=utf-8
cache-control: no-cache
content-length: 88

20:08:02.708 [AsyncHttpClient-1-2] DEBUG o.a.netty.channel.ChannelManager - Adding key: http://localhost:49214 for channel [id: 0x4ab95111, L:/127.0.0.1:53689 - R:localhost/127.0.0.1:49214]
20:08:02.711 [Forwarding getElementAttribute on session 335235c0d12ef8d11a67a6a8efe4f74a to remote] DEBUG o.a.netty.request.NettyRequestSender - Using pooled Channel '[id: 0x4ab95111, L:/127.0.0.1:53689 - R:localhost/127.0.0.1:49214]' for 'POST' to 'http://localhost:49214/session/335235c0d12ef8d11a67a6a8efe4f74a/execute/sync'
20:08:02.711 [Forwarding getElementAttribute on session 335235c0d12ef8d11a67a6a8efe4f74a to remote] DEBUG o.a.netty.request.NettyRequestSender - Using open Channel [id: 0x4ab95111, L:/127.0.0.1:53689 - R:localhost/127.0.0.1:49214] for POST '/session/335235c0d12ef8d11a67a6a8efe4f74a/execute/sync'
20:08:02.718 [AsyncHttpClient-1-2] DEBUG o.a.netty.handler.HttpHandler - 

Request DefaultHttpRequest(decodeResult: success, version: HTTP/1.1)
POST /session/335235c0d12ef8d11a67a6a8efe4f74a/execute/sync HTTP/1.1
User-Agent: selenium/4.1.4 (java windows)
Content-Length: 47340
Content-Type: application/json; charset=utf-8
host: localhost:49214
accept: */*

Response DefaultHttpResponse(decodeResult: success, version: HTTP/1.1)
HTTP/1.1 200 OK
Content-Type: application/json; charset=utf-8
cache-control: no-cache
content-length: 15

20:08:02.718 [AsyncHttpClient-1-2] DEBUG o.a.netty.channel.ChannelManager - Adding key: http://localhost:49214 for channel [id: 0x4ab95111, L:/127.0.0.1:53689 - R:localhost/127.0.0.1:49214]
20:08:02.719 [Forwarding getElementText on session 335235c0d12ef8d11a67a6a8efe4f74a to remote] DEBUG o.a.netty.request.NettyRequestSender - Using pooled Channel '[id: 0x4ab95111, L:/127.0.0.1:53689 - R:localhost/127.0.0.1:49214]' for 'GET' to 'http://localhost:49214/session/335235c0d12ef8d11a67a6a8efe4f74a/element/9daeee08-cd8f-45ae-8967-e507a76f6179/text'
20:08:02.719 [Forwarding getElementText on session 335235c0d12ef8d11a67a6a8efe4f74a to remote] DEBUG o.a.netty.request.NettyRequestSender - Using open Channel [id: 0x4ab95111, L:/127.0.0.1:53689 - R:localhost/127.0.0.1:49214] for GET '/session/335235c0d12ef8d11a67a6a8efe4f74a/element/9daeee08-cd8f-45ae-8967-e507a76f6179/text'
20:08:02.728 [AsyncHttpClient-1-2] DEBUG o.a.netty.handler.HttpHandler - 

Request DefaultFullHttpRequest(decodeResult: success, version: HTTP/1.1, content: EmptyByteBufBE)
GET /session/335235c0d12ef8d11a67a6a8efe4f74a/element/9daeee08-cd8f-45ae-8967-e507a76f6179/text HTTP/1.1
User-Agent: selenium/4.1.4 (java windows)
Cache-Control: no-cache
Content-Type: application/json; charset=utf-8
host: localhost:49214
accept: */*

Response DefaultHttpResponse(decodeResult: success, version: HTTP/1.1)
HTTP/1.1 200 OK
Content-Type: application/json; charset=utf-8
cache-control: no-cache
content-length: 23

20:08:02.729 [AsyncHttpClient-1-2] DEBUG o.a.netty.channel.ChannelManager - Adding key: http://localhost:49214 for channel [id: 0x4ab95111, L:/127.0.0.1:53689 - R:localhost/127.0.0.1:49214]
20:08:02.730 [Forwarding findChildElement on session 335235c0d12ef8d11a67a6a8efe4f74a to remote] DEBUG o.a.netty.request.NettyRequestSender - Using pooled Channel '[id: 0x4ab95111, L:/127.0.0.1:53689 - R:localhost/127.0.0.1:49214]' for 'POST' to 'http://localhost:49214/session/335235c0d12ef8d11a67a6a8efe4f74a/element/9daeee08-cd8f-45ae-8967-e507a76f6179/element'
20:08:02.730 [Forwarding findChildElement on session 335235c0d12ef8d11a67a6a8efe4f74a to remote] DEBUG o.a.netty.request.NettyRequestSender - Using open Channel [id: 0x4ab95111, L:/127.0.0.1:53689 - R:localhost/127.0.0.1:49214] for POST '/session/335235c0d12ef8d11a67a6a8efe4f74a/element/9daeee08-cd8f-45ae-8967-e507a76f6179/element'
20:08:02.737 [AsyncHttpClient-1-2] DEBUG o.a.netty.handler.HttpHandler - 

Request DefaultHttpRequest(decodeResult: success, version: HTTP/1.1)
POST /session/335235c0d12ef8d11a67a6a8efe4f74a/element/9daeee08-cd8f-45ae-8967-e507a76f6179/element HTTP/1.1
User-Agent: selenium/4.1.4 (java windows)
Content-Length: 93
Content-Type: application/json; charset=utf-8
host: localhost:49214
accept: */*

Response DefaultHttpResponse(decodeResult: success, version: HTTP/1.1)
HTTP/1.1 200 OK
Content-Type: application/json; charset=utf-8
cache-control: no-cache
content-length: 88

20:08:02.737 [AsyncHttpClient-1-2] DEBUG o.a.netty.channel.ChannelManager - Adding key: http://localhost:49214 for channel [id: 0x4ab95111, L:/127.0.0.1:53689 - R:localhost/127.0.0.1:49214]
20:08:02.740 [Forwarding getElementAttribute on session 335235c0d12ef8d11a67a6a8efe4f74a to remote] DEBUG o.a.netty.request.NettyRequestSender - Using pooled Channel '[id: 0x4ab95111, L:/127.0.0.1:53689 - R:localhost/127.0.0.1:49214]' for 'POST' to 'http://localhost:49214/session/335235c0d12ef8d11a67a6a8efe4f74a/execute/sync'
20:08:02.740 [Forwarding getElementAttribute on session 335235c0d12ef8d11a67a6a8efe4f74a to remote] DEBUG o.a.netty.request.NettyRequestSender - Using open Channel [id: 0x4ab95111, L:/127.0.0.1:53689 - R:localhost/127.0.0.1:49214] for POST '/session/335235c0d12ef8d11a67a6a8efe4f74a/execute/sync'
20:08:02.749 [AsyncHttpClient-1-2] DEBUG o.a.netty.handler.HttpHandler - 

Request DefaultHttpRequest(decodeResult: success, version: HTTP/1.1)
POST /session/335235c0d12ef8d11a67a6a8efe4f74a/execute/sync HTTP/1.1
User-Agent: selenium/4.1.4 (java windows)
Content-Length: 47340
Content-Type: application/json; charset=utf-8
host: localhost:49214
accept: */*

Response DefaultHttpResponse(decodeResult: success, version: HTTP/1.1)
HTTP/1.1 200 OK
Content-Type: application/json; charset=utf-8
cache-control: no-cache
content-length: 15

20:08:02.749 [AsyncHttpClient-1-2] DEBUG o.a.netty.channel.ChannelManager - Adding key: http://localhost:49214 for channel [id: 0x4ab95111, L:/127.0.0.1:53689 - R:localhost/127.0.0.1:49214]
20:08:02.749 [Forwarding getElementText on session 335235c0d12ef8d11a67a6a8efe4f74a to remote] DEBUG o.a.netty.request.NettyRequestSender - Using pooled Channel '[id: 0x4ab95111, L:/127.0.0.1:53689 - R:localhost/127.0.0.1:49214]' for 'GET' to 'http://localhost:49214/session/335235c0d12ef8d11a67a6a8efe4f74a/element/ed26b64b-6e3c-4591-afe8-645ec707612e/text'
20:08:02.749 [Forwarding getElementText on session 335235c0d12ef8d11a67a6a8efe4f74a to remote] DEBUG o.a.netty.request.NettyRequestSender - Using open Channel [id: 0x4ab95111, L:/127.0.0.1:53689 - R:localhost/127.0.0.1:49214] for GET '/session/335235c0d12ef8d11a67a6a8efe4f74a/element/ed26b64b-6e3c-4591-afe8-645ec707612e/text'
20:08:02.758 [AsyncHttpClient-1-2] DEBUG o.a.netty.handler.HttpHandler - 

Request DefaultFullHttpRequest(decodeResult: success, version: HTTP/1.1, content: EmptyByteBufBE)
GET /session/335235c0d12ef8d11a67a6a8efe4f74a/element/ed26b64b-6e3c-4591-afe8-645ec707612e/text HTTP/1.1
User-Agent: selenium/4.1.4 (java windows)
Cache-Control: no-cache
Content-Type: application/json; charset=utf-8
host: localhost:49214
accept: */*

Response DefaultHttpResponse(decodeResult: success, version: HTTP/1.1)
HTTP/1.1 200 OK
Content-Type: application/json; charset=utf-8
cache-control: no-cache
content-length: 17

20:08:02.759 [AsyncHttpClient-1-2] DEBUG o.a.netty.channel.ChannelManager - Adding key: http://localhost:49214 for channel [id: 0x4ab95111, L:/127.0.0.1:53689 - R:localhost/127.0.0.1:49214]
20:08:02.759 [Forwarding findChildElement on session 335235c0d12ef8d11a67a6a8efe4f74a to remote] DEBUG o.a.netty.request.NettyRequestSender - Using pooled Channel '[id: 0x4ab95111, L:/127.0.0.1:53689 - R:localhost/127.0.0.1:49214]' for 'POST' to 'http://localhost:49214/session/335235c0d12ef8d11a67a6a8efe4f74a/element/ed26b64b-6e3c-4591-afe8-645ec707612e/element'
20:08:02.759 [Forwarding findChildElement on session 335235c0d12ef8d11a67a6a8efe4f74a to remote] DEBUG o.a.netty.request.NettyRequestSender - Using open Channel [id: 0x4ab95111, L:/127.0.0.1:53689 - R:localhost/127.0.0.1:49214] for POST '/session/335235c0d12ef8d11a67a6a8efe4f74a/element/ed26b64b-6e3c-4591-afe8-645ec707612e/element'
20:08:02.769 [AsyncHttpClient-1-2] DEBUG o.a.netty.handler.HttpHandler - 

Request DefaultHttpRequest(decodeResult: success, version: HTTP/1.1)
POST /session/335235c0d12ef8d11a67a6a8efe4f74a/element/ed26b64b-6e3c-4591-afe8-645ec707612e/element HTTP/1.1
User-Agent: selenium/4.1.4 (java windows)
Content-Length: 93
Content-Type: application/json; charset=utf-8
host: localhost:49214
accept: */*

Response DefaultHttpResponse(decodeResult: success, version: HTTP/1.1)
HTTP/1.1 200 OK
Content-Type: application/json; charset=utf-8
cache-control: no-cache
content-length: 88

20:08:02.769 [AsyncHttpClient-1-2] DEBUG o.a.netty.channel.ChannelManager - Adding key: http://localhost:49214 for channel [id: 0x4ab95111, L:/127.0.0.1:53689 - R:localhost/127.0.0.1:49214]
20:08:02.772 [Forwarding getElementAttribute on session 335235c0d12ef8d11a67a6a8efe4f74a to remote] DEBUG o.a.netty.request.NettyRequestSender - Using pooled Channel '[id: 0x4ab95111, L:/127.0.0.1:53689 - R:localhost/127.0.0.1:49214]' for 'POST' to 'http://localhost:49214/session/335235c0d12ef8d11a67a6a8efe4f74a/execute/sync'
20:08:02.772 [Forwarding getElementAttribute on session 335235c0d12ef8d11a67a6a8efe4f74a to remote] DEBUG o.a.netty.request.NettyRequestSender - Using open Channel [id: 0x4ab95111, L:/127.0.0.1:53689 - R:localhost/127.0.0.1:49214] for POST '/session/335235c0d12ef8d11a67a6a8efe4f74a/execute/sync'
20:08:02.778 [AsyncHttpClient-1-2] DEBUG o.a.netty.handler.HttpHandler - 

Request DefaultHttpRequest(decodeResult: success, version: HTTP/1.1)
POST /session/335235c0d12ef8d11a67a6a8efe4f74a/execute/sync HTTP/1.1
User-Agent: selenium/4.1.4 (java windows)
Content-Length: 47340
Content-Type: application/json; charset=utf-8
host: localhost:49214
accept: */*

Response DefaultHttpResponse(decodeResult: success, version: HTTP/1.1)
HTTP/1.1 200 OK
Content-Type: application/json; charset=utf-8
cache-control: no-cache
content-length: 15

20:08:02.779 [AsyncHttpClient-1-2] DEBUG o.a.netty.channel.ChannelManager - Adding key: http://localhost:49214 for channel [id: 0x4ab95111, L:/127.0.0.1:53689 - R:localhost/127.0.0.1:49214]
20:08:02.780 [Forwarding getElementText on session 335235c0d12ef8d11a67a6a8efe4f74a to remote] DEBUG o.a.netty.request.NettyRequestSender - Using pooled Channel '[id: 0x4ab95111, L:/127.0.0.1:53689 - R:localhost/127.0.0.1:49214]' for 'GET' to 'http://localhost:49214/session/335235c0d12ef8d11a67a6a8efe4f74a/element/4bc22738-da4b-455c-8f3b-9ece88b0b221/text'
20:08:02.780 [Forwarding getElementText on session 335235c0d12ef8d11a67a6a8efe4f74a to remote] DEBUG o.a.netty.request.NettyRequestSender - Using open Channel [id: 0x4ab95111, L:/127.0.0.1:53689 - R:localhost/127.0.0.1:49214] for GET '/session/335235c0d12ef8d11a67a6a8efe4f74a/element/4bc22738-da4b-455c-8f3b-9ece88b0b221/text'
20:08:02.783 [AsyncHttpClient-1-1] DEBUG o.a.netty.channel.DefaultChannelPool - Entry count for : http://localhost:53690 : 1
20:08:02.789 [AsyncHttpClient-1-2] DEBUG o.a.netty.handler.HttpHandler - 

Request DefaultFullHttpRequest(decodeResult: success, version: HTTP/1.1, content: EmptyByteBufBE)
GET /session/335235c0d12ef8d11a67a6a8efe4f74a/element/4bc22738-da4b-455c-8f3b-9ece88b0b221/text HTTP/1.1
User-Agent: selenium/4.1.4 (java windows)
Cache-Control: no-cache
Content-Type: application/json; charset=utf-8
host: localhost:49214
accept: */*

Response DefaultHttpResponse(decodeResult: success, version: HTTP/1.1)
HTTP/1.1 200 OK
Content-Type: application/json; charset=utf-8
cache-control: no-cache
content-length: 19

20:08:02.789 [AsyncHttpClient-1-2] DEBUG o.a.netty.channel.ChannelManager - Adding key: http://localhost:49214 for channel [id: 0x4ab95111, L:/127.0.0.1:53689 - R:localhost/127.0.0.1:49214]
20:08:02.790 [Forwarding findChildElement on session 335235c0d12ef8d11a67a6a8efe4f74a to remote] DEBUG o.a.netty.request.NettyRequestSender - Using pooled Channel '[id: 0x4ab95111, L:/127.0.0.1:53689 - R:localhost/127.0.0.1:49214]' for 'POST' to 'http://localhost:49214/session/335235c0d12ef8d11a67a6a8efe4f74a/element/4bc22738-da4b-455c-8f3b-9ece88b0b221/element'
20:08:02.790 [Forwarding findChildElement on session 335235c0d12ef8d11a67a6a8efe4f74a to remote] DEBUG o.a.netty.request.NettyRequestSender - Using open Channel [id: 0x4ab95111, L:/127.0.0.1:53689 - R:localhost/127.0.0.1:49214] for POST '/session/335235c0d12ef8d11a67a6a8efe4f74a/element/4bc22738-da4b-455c-8f3b-9ece88b0b221/element'
20:08:02.799 [AsyncHttpClient-1-2] DEBUG o.a.netty.handler.HttpHandler - 

Request DefaultHttpRequest(decodeResult: success, version: HTTP/1.1)
POST /session/335235c0d12ef8d11a67a6a8efe4f74a/element/4bc22738-da4b-455c-8f3b-9ece88b0b221/element HTTP/1.1
User-Agent: selenium/4.1.4 (java windows)
Content-Length: 93
Content-Type: application/json; charset=utf-8
host: localhost:49214
accept: */*

Response DefaultHttpResponse(decodeResult: success, version: HTTP/1.1)
HTTP/1.1 200 OK
Content-Type: application/json; charset=utf-8
cache-control: no-cache
content-length: 88

20:08:02.799 [AsyncHttpClient-1-2] DEBUG o.a.netty.channel.ChannelManager - Adding key: http://localhost:49214 for channel [id: 0x4ab95111, L:/127.0.0.1:53689 - R:localhost/127.0.0.1:49214]
20:08:02.801 [Forwarding getElementAttribute on session 335235c0d12ef8d11a67a6a8efe4f74a to remote] DEBUG o.a.netty.request.NettyRequestSender - Using pooled Channel '[id: 0x4ab95111, L:/127.0.0.1:53689 - R:localhost/127.0.0.1:49214]' for 'POST' to 'http://localhost:49214/session/335235c0d12ef8d11a67a6a8efe4f74a/execute/sync'
20:08:02.801 [Forwarding getElementAttribute on session 335235c0d12ef8d11a67a6a8efe4f74a to remote] DEBUG o.a.netty.request.NettyRequestSender - Using open Channel [id: 0x4ab95111, L:/127.0.0.1:53689 - R:localhost/127.0.0.1:49214] for POST '/session/335235c0d12ef8d11a67a6a8efe4f74a/execute/sync'
20:08:02.810 [AsyncHttpClient-1-2] DEBUG o.a.netty.handler.HttpHandler - 

Request DefaultHttpRequest(decodeResult: success, version: HTTP/1.1)
POST /session/335235c0d12ef8d11a67a6a8efe4f74a/execute/sync HTTP/1.1
User-Agent: selenium/4.1.4 (java windows)
Content-Length: 47340
Content-Type: application/json; charset=utf-8
host: localhost:49214
accept: */*

Response DefaultHttpResponse(decodeResult: success, version: HTTP/1.1)
HTTP/1.1 200 OK
Content-Type: application/json; charset=utf-8
cache-control: no-cache
content-length: 15

20:08:02.810 [AsyncHttpClient-1-2] DEBUG o.a.netty.channel.ChannelManager - Adding key: http://localhost:49214 for channel [id: 0x4ab95111, L:/127.0.0.1:53689 - R:localhost/127.0.0.1:49214]
20:08:02.811 [Forwarding findElement on session 335235c0d12ef8d11a67a6a8efe4f74a to remote] DEBUG o.a.netty.request.NettyRequestSender - Using pooled Channel '[id: 0x4ab95111, L:/127.0.0.1:53689 - R:localhost/127.0.0.1:49214]' for 'POST' to 'http://localhost:49214/session/335235c0d12ef8d11a67a6a8efe4f74a/element'
20:08:02.811 [Forwarding findElement on session 335235c0d12ef8d11a67a6a8efe4f74a to remote] DEBUG o.a.netty.request.NettyRequestSender - Using open Channel [id: 0x4ab95111, L:/127.0.0.1:53689 - R:localhost/127.0.0.1:49214] for POST '/session/335235c0d12ef8d11a67a6a8efe4f74a/element'
20:08:02.821 [AsyncHttpClient-1-2] DEBUG o.a.netty.handler.HttpHandler - 

Request DefaultHttpRequest(decodeResult: success, version: HTTP/1.1)
POST /session/335235c0d12ef8d11a67a6a8efe4f74a/element HTTP/1.1
User-Agent: selenium/4.1.4 (java windows)
Content-Length: 57
Content-Type: application/json; charset=utf-8
host: localhost:49214
accept: */*

Response DefaultHttpResponse(decodeResult: success, version: HTTP/1.1)
HTTP/1.1 200 OK
Content-Type: application/json; charset=utf-8
cache-control: no-cache
content-length: 88

20:08:02.821 [AsyncHttpClient-1-2] DEBUG o.a.netty.channel.ChannelManager - Adding key: http://localhost:49214 for channel [id: 0x4ab95111, L:/127.0.0.1:53689 - R:localhost/127.0.0.1:49214]
20:08:02.822 [Forwarding clickElement on session 335235c0d12ef8d11a67a6a8efe4f74a to remote] DEBUG o.a.netty.request.NettyRequestSender - Using pooled Channel '[id: 0x4ab95111, L:/127.0.0.1:53689 - R:localhost/127.0.0.1:49214]' for 'POST' to 'http://localhost:49214/session/335235c0d12ef8d11a67a6a8efe4f74a/element/3abcc475-faeb-49de-b813-ce12acea7776/click'
20:08:02.822 [Forwarding clickElement on session 335235c0d12ef8d11a67a6a8efe4f74a to remote] DEBUG o.a.netty.request.NettyRequestSender - Using open Channel [id: 0x4ab95111, L:/127.0.0.1:53689 - R:localhost/127.0.0.1:49214] for POST '/session/335235c0d12ef8d11a67a6a8efe4f74a/element/3abcc475-faeb-49de-b813-ce12acea7776/click'
20:08:02.974 [AsyncHttpClient-1-2] DEBUG o.a.netty.handler.HttpHandler - 

Request DefaultHttpRequest(decodeResult: success, version: HTTP/1.1)
POST /session/335235c0d12ef8d11a67a6a8efe4f74a/element/3abcc475-faeb-49de-b813-ce12acea7776/click HTTP/1.1
User-Agent: selenium/4.1.4 (java windows)
Content-Length: 50
Content-Type: application/json; charset=utf-8
host: localhost:49214
accept: */*

Response DefaultHttpResponse(decodeResult: success, version: HTTP/1.1)
HTTP/1.1 200 OK
Content-Type: application/json; charset=utf-8
cache-control: no-cache
content-length: 14

20:08:02.975 [AsyncHttpClient-1-2] DEBUG o.a.netty.channel.ChannelManager - Adding key: http://localhost:49214 for channel [id: 0x4ab95111, L:/127.0.0.1:53689 - R:localhost/127.0.0.1:49214]
20:08:02.976 [Forwarding findElement on session 335235c0d12ef8d11a67a6a8efe4f74a to remote] DEBUG o.a.netty.request.NettyRequestSender - Using pooled Channel '[id: 0x4ab95111, L:/127.0.0.1:53689 - R:localhost/127.0.0.1:49214]' for 'POST' to 'http://localhost:49214/session/335235c0d12ef8d11a67a6a8efe4f74a/element'
20:08:02.976 [Forwarding findElement on session 335235c0d12ef8d11a67a6a8efe4f74a to remote] DEBUG o.a.netty.request.NettyRequestSender - Using open Channel [id: 0x4ab95111, L:/127.0.0.1:53689 - R:localhost/127.0.0.1:49214] for POST '/session/335235c0d12ef8d11a67a6a8efe4f74a/element'
20:08:02.996 [AsyncHttpClient-1-2] DEBUG o.a.netty.handler.HttpHandler - 

Request DefaultHttpRequest(decodeResult: success, version: HTTP/1.1)
POST /session/335235c0d12ef8d11a67a6a8efe4f74a/element HTTP/1.1
User-Agent: selenium/4.1.4 (java windows)
Content-Length: 64
Content-Type: application/json; charset=utf-8
host: localhost:49214
accept: */*

Response DefaultHttpResponse(decodeResult: success, version: HTTP/1.1)
HTTP/1.1 200 OK
Content-Type: application/json; charset=utf-8
cache-control: no-cache
content-length: 88

20:08:02.996 [AsyncHttpClient-1-2] DEBUG o.a.netty.channel.ChannelManager - Adding key: http://localhost:49214 for channel [id: 0x4ab95111, L:/127.0.0.1:53689 - R:localhost/127.0.0.1:49214]
20:08:02.999 [Forwarding clickElement on session 335235c0d12ef8d11a67a6a8efe4f74a to remote] DEBUG o.a.netty.request.NettyRequestSender - Using pooled Channel '[id: 0x4ab95111, L:/127.0.0.1:53689 - R:localhost/127.0.0.1:49214]' for 'POST' to 'http://localhost:49214/session/335235c0d12ef8d11a67a6a8efe4f74a/element/80ee3029-9a2b-4e61-bd97-d009d8ec9d39/click'
20:08:02.999 [Forwarding clickElement on session 335235c0d12ef8d11a67a6a8efe4f74a to remote] DEBUG o.a.netty.request.NettyRequestSender - Using open Channel [id: 0x4ab95111, L:/127.0.0.1:53689 - R:localhost/127.0.0.1:49214] for POST '/session/335235c0d12ef8d11a67a6a8efe4f74a/element/80ee3029-9a2b-4e61-bd97-d009d8ec9d39/click'
20:08:03.043 [AsyncHttpClient-1-2] DEBUG o.a.netty.handler.HttpHandler - 

Request DefaultHttpRequest(decodeResult: success, version: HTTP/1.1)
POST /session/335235c0d12ef8d11a67a6a8efe4f74a/element/80ee3029-9a2b-4e61-bd97-d009d8ec9d39/click HTTP/1.1
User-Agent: selenium/4.1.4 (java windows)
Content-Length: 50
Content-Type: application/json; charset=utf-8
host: localhost:49214
accept: */*

Response DefaultHttpResponse(decodeResult: success, version: HTTP/1.1)
HTTP/1.1 200 OK
Content-Type: application/json; charset=utf-8
cache-control: no-cache
content-length: 14

20:08:03.043 [AsyncHttpClient-1-2] DEBUG o.a.netty.channel.ChannelManager - Adding key: http://localhost:49214 for channel [id: 0x4ab95111, L:/127.0.0.1:53689 - R:localhost/127.0.0.1:49214]
20:08:03.046 [Forwarding findElement on session 335235c0d12ef8d11a67a6a8efe4f74a to remote] DEBUG o.a.netty.request.NettyRequestSender - Using pooled Channel '[id: 0x4ab95111, L:/127.0.0.1:53689 - R:localhost/127.0.0.1:49214]' for 'POST' to 'http://localhost:49214/session/335235c0d12ef8d11a67a6a8efe4f74a/element'
20:08:03.046 [Forwarding findElement on session 335235c0d12ef8d11a67a6a8efe4f74a to remote] DEBUG o.a.netty.request.NettyRequestSender - Using open Channel [id: 0x4ab95111, L:/127.0.0.1:53689 - R:localhost/127.0.0.1:49214] for POST '/session/335235c0d12ef8d11a67a6a8efe4f74a/element'
20:08:03.053 [AsyncHttpClient-1-2] DEBUG o.a.netty.handler.HttpHandler - 

Request DefaultHttpRequest(decodeResult: success, version: HTTP/1.1)
POST /session/335235c0d12ef8d11a67a6a8efe4f74a/element HTTP/1.1
User-Agent: selenium/4.1.4 (java windows)
Content-Length: 64
Content-Type: application/json; charset=utf-8
host: localhost:49214
accept: */*

Response DefaultHttpResponse(decodeResult: success, version: HTTP/1.1)
HTTP/1.1 200 OK
Content-Type: application/json; charset=utf-8
cache-control: no-cache
content-length: 88

20:08:03.053 [AsyncHttpClient-1-2] DEBUG o.a.netty.channel.ChannelManager - Adding key: http://localhost:49214 for channel [id: 0x4ab95111, L:/127.0.0.1:53689 - R:localhost/127.0.0.1:49214]
20:08:03.057 [Forwarding getElementAttribute on session 335235c0d12ef8d11a67a6a8efe4f74a to remote] DEBUG o.a.netty.request.NettyRequestSender - Using pooled Channel '[id: 0x4ab95111, L:/127.0.0.1:53689 - R:localhost/127.0.0.1:49214]' for 'POST' to 'http://localhost:49214/session/335235c0d12ef8d11a67a6a8efe4f74a/execute/sync'
20:08:03.057 [Forwarding getElementAttribute on session 335235c0d12ef8d11a67a6a8efe4f74a to remote] DEBUG o.a.netty.request.NettyRequestSender - Using open Channel [id: 0x4ab95111, L:/127.0.0.1:53689 - R:localhost/127.0.0.1:49214] for POST '/session/335235c0d12ef8d11a67a6a8efe4f74a/execute/sync'
20:08:03.068 [AsyncHttpClient-1-2] DEBUG o.a.netty.handler.HttpHandler - 

Request DefaultHttpRequest(decodeResult: success, version: HTTP/1.1)
POST /session/335235c0d12ef8d11a67a6a8efe4f74a/execute/sync HTTP/1.1
User-Agent: selenium/4.1.4 (java windows)
Content-Length: 47340
Content-Type: application/json; charset=utf-8
host: localhost:49214
accept: */*

Response DefaultHttpResponse(decodeResult: success, version: HTTP/1.1)
HTTP/1.1 200 OK
Content-Type: application/json; charset=utf-8
cache-control: no-cache
content-length: 12

20:08:03.068 [AsyncHttpClient-1-2] DEBUG o.a.netty.channel.ChannelManager - Adding key: http://localhost:49214 for channel [id: 0x4ab95111, L:/127.0.0.1:53689 - R:localhost/127.0.0.1:49214]
20:08:03.069 [Forwarding findElement on session 335235c0d12ef8d11a67a6a8efe4f74a to remote] DEBUG o.a.netty.request.NettyRequestSender - Using pooled Channel '[id: 0x4ab95111, L:/127.0.0.1:53689 - R:localhost/127.0.0.1:49214]' for 'POST' to 'http://localhost:49214/session/335235c0d12ef8d11a67a6a8efe4f74a/element'
20:08:03.069 [Forwarding findElement on session 335235c0d12ef8d11a67a6a8efe4f74a to remote] DEBUG o.a.netty.request.NettyRequestSender - Using open Channel [id: 0x4ab95111, L:/127.0.0.1:53689 - R:localhost/127.0.0.1:49214] for POST '/session/335235c0d12ef8d11a67a6a8efe4f74a/element'
20:08:03.073 [AsyncHttpClient-1-2] DEBUG o.a.netty.handler.HttpHandler - 

Request DefaultHttpRequest(decodeResult: success, version: HTTP/1.1)
POST /session/335235c0d12ef8d11a67a6a8efe4f74a/element HTTP/1.1
User-Agent: selenium/4.1.4 (java windows)
Content-Length: 64
Content-Type: application/json; charset=utf-8
host: localhost:49214
accept: */*

Response DefaultHttpResponse(decodeResult: success, version: HTTP/1.1)
HTTP/1.1 200 OK
Content-Type: application/json; charset=utf-8
cache-control: no-cache
content-length: 88

20:08:03.073 [AsyncHttpClient-1-2] DEBUG o.a.netty.channel.ChannelManager - Adding key: http://localhost:49214 for channel [id: 0x4ab95111, L:/127.0.0.1:53689 - R:localhost/127.0.0.1:49214]
20:08:03.074 [Forwarding clearElement on session 335235c0d12ef8d11a67a6a8efe4f74a to remote] DEBUG o.a.netty.request.NettyRequestSender - Using pooled Channel '[id: 0x4ab95111, L:/127.0.0.1:53689 - R:localhost/127.0.0.1:49214]' for 'POST' to 'http://localhost:49214/session/335235c0d12ef8d11a67a6a8efe4f74a/element/80ee3029-9a2b-4e61-bd97-d009d8ec9d39/clear'
20:08:03.074 [Forwarding clearElement on session 335235c0d12ef8d11a67a6a8efe4f74a to remote] DEBUG o.a.netty.request.NettyRequestSender - Using open Channel [id: 0x4ab95111, L:/127.0.0.1:53689 - R:localhost/127.0.0.1:49214] for POST '/session/335235c0d12ef8d11a67a6a8efe4f74a/element/80ee3029-9a2b-4e61-bd97-d009d8ec9d39/clear'
20:08:03.095 [AsyncHttpClient-1-2] DEBUG o.a.netty.handler.HttpHandler - 

Request DefaultHttpRequest(decodeResult: success, version: HTTP/1.1)
POST /session/335235c0d12ef8d11a67a6a8efe4f74a/element/80ee3029-9a2b-4e61-bd97-d009d8ec9d39/clear HTTP/1.1
User-Agent: selenium/4.1.4 (java windows)
Content-Length: 50
Content-Type: application/json; charset=utf-8
host: localhost:49214
accept: */*

Response DefaultHttpResponse(decodeResult: success, version: HTTP/1.1)
HTTP/1.1 200 OK
Content-Type: application/json; charset=utf-8
cache-control: no-cache
content-length: 14

20:08:03.095 [AsyncHttpClient-1-2] DEBUG o.a.netty.channel.ChannelManager - Adding key: http://localhost:49214 for channel [id: 0x4ab95111, L:/127.0.0.1:53689 - R:localhost/127.0.0.1:49214]
20:08:03.097 [Forwarding findElement on session 335235c0d12ef8d11a67a6a8efe4f74a to remote] DEBUG o.a.netty.request.NettyRequestSender - Using pooled Channel '[id: 0x4ab95111, L:/127.0.0.1:53689 - R:localhost/127.0.0.1:49214]' for 'POST' to 'http://localhost:49214/session/335235c0d12ef8d11a67a6a8efe4f74a/element'
20:08:03.097 [Forwarding findElement on session 335235c0d12ef8d11a67a6a8efe4f74a to remote] DEBUG o.a.netty.request.NettyRequestSender - Using open Channel [id: 0x4ab95111, L:/127.0.0.1:53689 - R:localhost/127.0.0.1:49214] for POST '/session/335235c0d12ef8d11a67a6a8efe4f74a/element'
20:08:03.102 [AsyncHttpClient-1-2] DEBUG o.a.netty.handler.HttpHandler - 

Request DefaultHttpRequest(decodeResult: success, version: HTTP/1.1)
POST /session/335235c0d12ef8d11a67a6a8efe4f74a/element HTTP/1.1
User-Agent: selenium/4.1.4 (java windows)
Content-Length: 64
Content-Type: application/json; charset=utf-8
host: localhost:49214
accept: */*

Response DefaultHttpResponse(decodeResult: success, version: HTTP/1.1)
HTTP/1.1 200 OK
Content-Type: application/json; charset=utf-8
cache-control: no-cache
content-length: 88

20:08:03.102 [AsyncHttpClient-1-2] DEBUG o.a.netty.channel.ChannelManager - Adding key: http://localhost:49214 for channel [id: 0x4ab95111, L:/127.0.0.1:53689 - R:localhost/127.0.0.1:49214]
20:08:03.103 [Forwarding sendKeysToElement on session 335235c0d12ef8d11a67a6a8efe4f74a to remote] DEBUG o.a.netty.request.NettyRequestSender - Using pooled Channel '[id: 0x4ab95111, L:/127.0.0.1:53689 - R:localhost/127.0.0.1:49214]' for 'POST' to 'http://localhost:49214/session/335235c0d12ef8d11a67a6a8efe4f74a/element/80ee3029-9a2b-4e61-bd97-d009d8ec9d39/value'
20:08:03.103 [Forwarding sendKeysToElement on session 335235c0d12ef8d11a67a6a8efe4f74a to remote] DEBUG o.a.netty.request.NettyRequestSender - Using open Channel [id: 0x4ab95111, L:/127.0.0.1:53689 - R:localhost/127.0.0.1:49214] for POST '/session/335235c0d12ef8d11a67a6a8efe4f74a/element/80ee3029-9a2b-4e61-bd97-d009d8ec9d39/value'
20:08:03.125 [AsyncHttpClient-1-2] DEBUG o.a.netty.handler.HttpHandler - 

Request DefaultHttpRequest(decodeResult: success, version: HTTP/1.1)
POST /session/335235c0d12ef8d11a67a6a8efe4f74a/element/80ee3029-9a2b-4e61-bd97-d009d8ec9d39/value HTTP/1.1
User-Agent: selenium/4.1.4 (java windows)
Content-Length: 181
Content-Type: application/json; charset=utf-8
host: localhost:49214
accept: */*

Response DefaultHttpResponse(decodeResult: success, version: HTTP/1.1)
HTTP/1.1 200 OK
Content-Type: application/json; charset=utf-8
cache-control: no-cache
content-length: 14

20:08:03.125 [AsyncHttpClient-1-2] DEBUG o.a.netty.channel.ChannelManager - Adding key: http://localhost:49214 for channel [id: 0x4ab95111, L:/127.0.0.1:53689 - R:localhost/127.0.0.1:49214]
20:08:03.126 [Forwarding findElement on session 335235c0d12ef8d11a67a6a8efe4f74a to remote] DEBUG o.a.netty.request.NettyRequestSender - Using pooled Channel '[id: 0x4ab95111, L:/127.0.0.1:53689 - R:localhost/127.0.0.1:49214]' for 'POST' to 'http://localhost:49214/session/335235c0d12ef8d11a67a6a8efe4f74a/element'
20:08:03.126 [Forwarding findElement on session 335235c0d12ef8d11a67a6a8efe4f74a to remote] DEBUG o.a.netty.request.NettyRequestSender - Using open Channel [id: 0x4ab95111, L:/127.0.0.1:53689 - R:localhost/127.0.0.1:49214] for POST '/session/335235c0d12ef8d11a67a6a8efe4f74a/element'
20:08:03.135 [AsyncHttpClient-1-2] DEBUG o.a.netty.handler.HttpHandler - 

Request DefaultHttpRequest(decodeResult: success, version: HTTP/1.1)
POST /session/335235c0d12ef8d11a67a6a8efe4f74a/element HTTP/1.1
User-Agent: selenium/4.1.4 (java windows)
Content-Length: 66
Content-Type: application/json; charset=utf-8
host: localhost:49214
accept: */*

Response DefaultHttpResponse(decodeResult: success, version: HTTP/1.1)
HTTP/1.1 200 OK
Content-Type: application/json; charset=utf-8
cache-control: no-cache
content-length: 88

20:08:03.135 [AsyncHttpClient-1-2] DEBUG o.a.netty.channel.ChannelManager - Adding key: http://localhost:49214 for channel [id: 0x4ab95111, L:/127.0.0.1:53689 - R:localhost/127.0.0.1:49214]
20:08:03.136 [Forwarding clickElement on session 335235c0d12ef8d11a67a6a8efe4f74a to remote] DEBUG o.a.netty.request.NettyRequestSender - Using pooled Channel '[id: 0x4ab95111, L:/127.0.0.1:53689 - R:localhost/127.0.0.1:49214]' for 'POST' to 'http://localhost:49214/session/335235c0d12ef8d11a67a6a8efe4f74a/element/68c97cf3-020e-4f1e-9fa1-39296108a02f/click'
20:08:03.136 [Forwarding clickElement on session 335235c0d12ef8d11a67a6a8efe4f74a to remote] DEBUG o.a.netty.request.NettyRequestSender - Using open Channel [id: 0x4ab95111, L:/127.0.0.1:53689 - R:localhost/127.0.0.1:49214] for POST '/session/335235c0d12ef8d11a67a6a8efe4f74a/element/68c97cf3-020e-4f1e-9fa1-39296108a02f/click'
20:08:03.158 [AsyncHttpClient-1-2] DEBUG o.a.netty.handler.HttpHandler - 

Request DefaultHttpRequest(decodeResult: success, version: HTTP/1.1)
POST /session/335235c0d12ef8d11a67a6a8efe4f74a/element/68c97cf3-020e-4f1e-9fa1-39296108a02f/click HTTP/1.1
User-Agent: selenium/4.1.4 (java windows)
Content-Length: 50
Content-Type: application/json; charset=utf-8
host: localhost:49214
accept: */*

Response DefaultHttpResponse(decodeResult: success, version: HTTP/1.1)
HTTP/1.1 200 OK
Content-Type: application/json; charset=utf-8
cache-control: no-cache
content-length: 14

20:08:03.158 [AsyncHttpClient-1-2] DEBUG o.a.netty.channel.ChannelManager - Adding key: http://localhost:49214 for channel [id: 0x4ab95111, L:/127.0.0.1:53689 - R:localhost/127.0.0.1:49214]
20:08:03.159 [Forwarding findElement on session 335235c0d12ef8d11a67a6a8efe4f74a to remote] DEBUG o.a.netty.request.NettyRequestSender - Using pooled Channel '[id: 0x4ab95111, L:/127.0.0.1:53689 - R:localhost/127.0.0.1:49214]' for 'POST' to 'http://localhost:49214/session/335235c0d12ef8d11a67a6a8efe4f74a/element'
20:08:03.159 [Forwarding findElement on session 335235c0d12ef8d11a67a6a8efe4f74a to remote] DEBUG o.a.netty.request.NettyRequestSender - Using open Channel [id: 0x4ab95111, L:/127.0.0.1:53689 - R:localhost/127.0.0.1:49214] for POST '/session/335235c0d12ef8d11a67a6a8efe4f74a/element'
20:08:03.165 [AsyncHttpClient-1-2] DEBUG o.a.netty.handler.HttpHandler - 

Request DefaultHttpRequest(decodeResult: success, version: HTTP/1.1)
POST /session/335235c0d12ef8d11a67a6a8efe4f74a/element HTTP/1.1
User-Agent: selenium/4.1.4 (java windows)
Content-Length: 66
Content-Type: application/json; charset=utf-8
host: localhost:49214
accept: */*

Response DefaultHttpResponse(decodeResult: success, version: HTTP/1.1)
HTTP/1.1 200 OK
Content-Type: application/json; charset=utf-8
cache-control: no-cache
content-length: 88

20:08:03.165 [AsyncHttpClient-1-2] DEBUG o.a.netty.channel.ChannelManager - Adding key: http://localhost:49214 for channel [id: 0x4ab95111, L:/127.0.0.1:53689 - R:localhost/127.0.0.1:49214]
20:08:03.168 [Forwarding getElementAttribute on session 335235c0d12ef8d11a67a6a8efe4f74a to remote] DEBUG o.a.netty.request.NettyRequestSender - Using pooled Channel '[id: 0x4ab95111, L:/127.0.0.1:53689 - R:localhost/127.0.0.1:49214]' for 'POST' to 'http://localhost:49214/session/335235c0d12ef8d11a67a6a8efe4f74a/execute/sync'
20:08:03.168 [Forwarding getElementAttribute on session 335235c0d12ef8d11a67a6a8efe4f74a to remote] DEBUG o.a.netty.request.NettyRequestSender - Using open Channel [id: 0x4ab95111, L:/127.0.0.1:53689 - R:localhost/127.0.0.1:49214] for POST '/session/335235c0d12ef8d11a67a6a8efe4f74a/execute/sync'
20:08:03.175 [AsyncHttpClient-1-2] DEBUG o.a.netty.handler.HttpHandler - 

Request DefaultHttpRequest(decodeResult: success, version: HTTP/1.1)
POST /session/335235c0d12ef8d11a67a6a8efe4f74a/execute/sync HTTP/1.1
User-Agent: selenium/4.1.4 (java windows)
Content-Length: 47340
Content-Type: application/json; charset=utf-8
host: localhost:49214
accept: */*

Response DefaultHttpResponse(decodeResult: success, version: HTTP/1.1)
HTTP/1.1 200 OK
Content-Type: application/json; charset=utf-8
cache-control: no-cache
content-length: 12

20:08:03.175 [AsyncHttpClient-1-2] DEBUG o.a.netty.channel.ChannelManager - Adding key: http://localhost:49214 for channel [id: 0x4ab95111, L:/127.0.0.1:53689 - R:localhost/127.0.0.1:49214]
20:08:03.177 [Forwarding findElement on session 335235c0d12ef8d11a67a6a8efe4f74a to remote] DEBUG o.a.netty.request.NettyRequestSender - Using pooled Channel '[id: 0x4ab95111, L:/127.0.0.1:53689 - R:localhost/127.0.0.1:49214]' for 'POST' to 'http://localhost:49214/session/335235c0d12ef8d11a67a6a8efe4f74a/element'
20:08:03.177 [Forwarding findElement on session 335235c0d12ef8d11a67a6a8efe4f74a to remote] DEBUG o.a.netty.request.NettyRequestSender - Using open Channel [id: 0x4ab95111, L:/127.0.0.1:53689 - R:localhost/127.0.0.1:49214] for POST '/session/335235c0d12ef8d11a67a6a8efe4f74a/element'
20:08:03.184 [AsyncHttpClient-1-2] DEBUG o.a.netty.handler.HttpHandler - 

Request DefaultHttpRequest(decodeResult: success, version: HTTP/1.1)
POST /session/335235c0d12ef8d11a67a6a8efe4f74a/element HTTP/1.1
User-Agent: selenium/4.1.4 (java windows)
Content-Length: 66
Content-Type: application/json; charset=utf-8
host: localhost:49214
accept: */*

Response DefaultHttpResponse(decodeResult: success, version: HTTP/1.1)
HTTP/1.1 200 OK
Content-Type: application/json; charset=utf-8
cache-control: no-cache
content-length: 88

20:08:03.185 [AsyncHttpClient-1-2] DEBUG o.a.netty.channel.ChannelManager - Adding key: http://localhost:49214 for channel [id: 0x4ab95111, L:/127.0.0.1:53689 - R:localhost/127.0.0.1:49214]
20:08:03.185 [Forwarding clearElement on session 335235c0d12ef8d11a67a6a8efe4f74a to remote] DEBUG o.a.netty.request.NettyRequestSender - Using pooled Channel '[id: 0x4ab95111, L:/127.0.0.1:53689 - R:localhost/127.0.0.1:49214]' for 'POST' to 'http://localhost:49214/session/335235c0d12ef8d11a67a6a8efe4f74a/element/68c97cf3-020e-4f1e-9fa1-39296108a02f/clear'
20:08:03.185 [Forwarding clearElement on session 335235c0d12ef8d11a67a6a8efe4f74a to remote] DEBUG o.a.netty.request.NettyRequestSender - Using open Channel [id: 0x4ab95111, L:/127.0.0.1:53689 - R:localhost/127.0.0.1:49214] for POST '/session/335235c0d12ef8d11a67a6a8efe4f74a/element/68c97cf3-020e-4f1e-9fa1-39296108a02f/clear'
20:08:03.201 [AsyncHttpClient-1-2] DEBUG o.a.netty.handler.HttpHandler - 

Request DefaultHttpRequest(decodeResult: success, version: HTTP/1.1)
POST /session/335235c0d12ef8d11a67a6a8efe4f74a/element/68c97cf3-020e-4f1e-9fa1-39296108a02f/clear HTTP/1.1
User-Agent: selenium/4.1.4 (java windows)
Content-Length: 50
Content-Type: application/json; charset=utf-8
host: localhost:49214
accept: */*

Response DefaultHttpResponse(decodeResult: success, version: HTTP/1.1)
HTTP/1.1 200 OK
Content-Type: application/json; charset=utf-8
cache-control: no-cache
content-length: 14

20:08:03.201 [AsyncHttpClient-1-2] DEBUG o.a.netty.channel.ChannelManager - Adding key: http://localhost:49214 for channel [id: 0x4ab95111, L:/127.0.0.1:53689 - R:localhost/127.0.0.1:49214]
20:08:03.202 [Forwarding findElement on session 335235c0d12ef8d11a67a6a8efe4f74a to remote] DEBUG o.a.netty.request.NettyRequestSender - Using pooled Channel '[id: 0x4ab95111, L:/127.0.0.1:53689 - R:localhost/127.0.0.1:49214]' for 'POST' to 'http://localhost:49214/session/335235c0d12ef8d11a67a6a8efe4f74a/element'
20:08:03.202 [Forwarding findElement on session 335235c0d12ef8d11a67a6a8efe4f74a to remote] DEBUG o.a.netty.request.NettyRequestSender - Using open Channel [id: 0x4ab95111, L:/127.0.0.1:53689 - R:localhost/127.0.0.1:49214] for POST '/session/335235c0d12ef8d11a67a6a8efe4f74a/element'
20:08:03.208 [AsyncHttpClient-1-2] DEBUG o.a.netty.handler.HttpHandler - 

Request DefaultHttpRequest(decodeResult: success, version: HTTP/1.1)
POST /session/335235c0d12ef8d11a67a6a8efe4f74a/element HTTP/1.1
User-Agent: selenium/4.1.4 (java windows)
Content-Length: 66
Content-Type: application/json; charset=utf-8
host: localhost:49214
accept: */*

Response DefaultHttpResponse(decodeResult: success, version: HTTP/1.1)
HTTP/1.1 200 OK
Content-Type: application/json; charset=utf-8
cache-control: no-cache
content-length: 88

20:08:03.208 [AsyncHttpClient-1-2] DEBUG o.a.netty.channel.ChannelManager - Adding key: http://localhost:49214 for channel [id: 0x4ab95111, L:/127.0.0.1:53689 - R:localhost/127.0.0.1:49214]
20:08:03.209 [Forwarding sendKeysToElement on session 335235c0d12ef8d11a67a6a8efe4f74a to remote] DEBUG o.a.netty.request.NettyRequestSender - Using pooled Channel '[id: 0x4ab95111, L:/127.0.0.1:53689 - R:localhost/127.0.0.1:49214]' for 'POST' to 'http://localhost:49214/session/335235c0d12ef8d11a67a6a8efe4f74a/element/68c97cf3-020e-4f1e-9fa1-39296108a02f/value'
20:08:03.209 [Forwarding sendKeysToElement on session 335235c0d12ef8d11a67a6a8efe4f74a to remote] DEBUG o.a.netty.request.NettyRequestSender - Using open Channel [id: 0x4ab95111, L:/127.0.0.1:53689 - R:localhost/127.0.0.1:49214] for POST '/session/335235c0d12ef8d11a67a6a8efe4f74a/element/68c97cf3-020e-4f1e-9fa1-39296108a02f/value'
20:08:03.228 [AsyncHttpClient-1-2] DEBUG o.a.netty.handler.HttpHandler - 

Request DefaultHttpRequest(decodeResult: success, version: HTTP/1.1)
POST /session/335235c0d12ef8d11a67a6a8efe4f74a/element/68c97cf3-020e-4f1e-9fa1-39296108a02f/value HTTP/1.1
User-Agent: selenium/4.1.4 (java windows)
Content-Length: 121
Content-Type: application/json; charset=utf-8
host: localhost:49214
accept: */*

Response DefaultHttpResponse(decodeResult: success, version: HTTP/1.1)
HTTP/1.1 200 OK
Content-Type: application/json; charset=utf-8
cache-control: no-cache
content-length: 14

20:08:03.228 [AsyncHttpClient-1-2] DEBUG o.a.netty.channel.ChannelManager - Adding key: http://localhost:49214 for channel [id: 0x4ab95111, L:/127.0.0.1:53689 - R:localhost/127.0.0.1:49214]
20:08:03.230 [Forwarding findElement on session 335235c0d12ef8d11a67a6a8efe4f74a to remote] DEBUG o.a.netty.request.NettyRequestSender - Using pooled Channel '[id: 0x4ab95111, L:/127.0.0.1:53689 - R:localhost/127.0.0.1:49214]' for 'POST' to 'http://localhost:49214/session/335235c0d12ef8d11a67a6a8efe4f74a/element'
20:08:03.230 [Forwarding findElement on session 335235c0d12ef8d11a67a6a8efe4f74a to remote] DEBUG o.a.netty.request.NettyRequestSender - Using open Channel [id: 0x4ab95111, L:/127.0.0.1:53689 - R:localhost/127.0.0.1:49214] for POST '/session/335235c0d12ef8d11a67a6a8efe4f74a/element'
20:08:03.238 [AsyncHttpClient-1-2] DEBUG o.a.netty.handler.HttpHandler - 

Request DefaultHttpRequest(decodeResult: success, version: HTTP/1.1)
POST /session/335235c0d12ef8d11a67a6a8efe4f74a/element HTTP/1.1
User-Agent: selenium/4.1.4 (java windows)
Content-Length: 66
Content-Type: application/json; charset=utf-8
host: localhost:49214
accept: */*

Response DefaultHttpResponse(decodeResult: success, version: HTTP/1.1)
HTTP/1.1 200 OK
Content-Type: application/json; charset=utf-8
cache-control: no-cache
content-length: 88

20:08:03.238 [AsyncHttpClient-1-2] DEBUG o.a.netty.channel.ChannelManager - Adding key: http://localhost:49214 for channel [id: 0x4ab95111, L:/127.0.0.1:53689 - R:localhost/127.0.0.1:49214]
20:08:03.239 [Forwarding clickElement on session 335235c0d12ef8d11a67a6a8efe4f74a to remote] DEBUG o.a.netty.request.NettyRequestSender - Using pooled Channel '[id: 0x4ab95111, L:/127.0.0.1:53689 - R:localhost/127.0.0.1:49214]' for 'POST' to 'http://localhost:49214/session/335235c0d12ef8d11a67a6a8efe4f74a/element/e6e97aab-862c-4382-b427-5da12509a42b/click'
20:08:03.239 [Forwarding clickElement on session 335235c0d12ef8d11a67a6a8efe4f74a to remote] DEBUG o.a.netty.request.NettyRequestSender - Using open Channel [id: 0x4ab95111, L:/127.0.0.1:53689 - R:localhost/127.0.0.1:49214] for POST '/session/335235c0d12ef8d11a67a6a8efe4f74a/element/e6e97aab-862c-4382-b427-5da12509a42b/click'
20:08:03.263 [AsyncHttpClient-1-2] DEBUG o.a.netty.handler.HttpHandler - 

Request DefaultHttpRequest(decodeResult: success, version: HTTP/1.1)
POST /session/335235c0d12ef8d11a67a6a8efe4f74a/element/e6e97aab-862c-4382-b427-5da12509a42b/click HTTP/1.1
User-Agent: selenium/4.1.4 (java windows)
Content-Length: 50
Content-Type: application/json; charset=utf-8
host: localhost:49214
accept: */*

Response DefaultHttpResponse(decodeResult: success, version: HTTP/1.1)
HTTP/1.1 200 OK
Content-Type: application/json; charset=utf-8
cache-control: no-cache
content-length: 14

20:08:03.263 [AsyncHttpClient-1-2] DEBUG o.a.netty.channel.ChannelManager - Adding key: http://localhost:49214 for channel [id: 0x4ab95111, L:/127.0.0.1:53689 - R:localhost/127.0.0.1:49214]
20:08:03.264 [Forwarding findElement on session 335235c0d12ef8d11a67a6a8efe4f74a to remote] DEBUG o.a.netty.request.NettyRequestSender - Using pooled Channel '[id: 0x4ab95111, L:/127.0.0.1:53689 - R:localhost/127.0.0.1:49214]' for 'POST' to 'http://localhost:49214/session/335235c0d12ef8d11a67a6a8efe4f74a/element'
20:08:03.264 [Forwarding findElement on session 335235c0d12ef8d11a67a6a8efe4f74a to remote] DEBUG o.a.netty.request.NettyRequestSender - Using open Channel [id: 0x4ab95111, L:/127.0.0.1:53689 - R:localhost/127.0.0.1:49214] for POST '/session/335235c0d12ef8d11a67a6a8efe4f74a/element'
20:08:03.269 [AsyncHttpClient-1-2] DEBUG o.a.netty.handler.HttpHandler - 

Request DefaultHttpRequest(decodeResult: success, version: HTTP/1.1)
POST /session/335235c0d12ef8d11a67a6a8efe4f74a/element HTTP/1.1
User-Agent: selenium/4.1.4 (java windows)
Content-Length: 66
Content-Type: application/json; charset=utf-8
host: localhost:49214
accept: */*

Response DefaultHttpResponse(decodeResult: success, version: HTTP/1.1)
HTTP/1.1 200 OK
Content-Type: application/json; charset=utf-8
cache-control: no-cache
content-length: 88

20:08:03.269 [AsyncHttpClient-1-2] DEBUG o.a.netty.channel.ChannelManager - Adding key: http://localhost:49214 for channel [id: 0x4ab95111, L:/127.0.0.1:53689 - R:localhost/127.0.0.1:49214]
20:08:03.272 [Forwarding getElementAttribute on session 335235c0d12ef8d11a67a6a8efe4f74a to remote] DEBUG o.a.netty.request.NettyRequestSender - Using pooled Channel '[id: 0x4ab95111, L:/127.0.0.1:53689 - R:localhost/127.0.0.1:49214]' for 'POST' to 'http://localhost:49214/session/335235c0d12ef8d11a67a6a8efe4f74a/execute/sync'
20:08:03.272 [Forwarding getElementAttribute on session 335235c0d12ef8d11a67a6a8efe4f74a to remote] DEBUG o.a.netty.request.NettyRequestSender - Using open Channel [id: 0x4ab95111, L:/127.0.0.1:53689 - R:localhost/127.0.0.1:49214] for POST '/session/335235c0d12ef8d11a67a6a8efe4f74a/execute/sync'
20:08:03.280 [AsyncHttpClient-1-2] DEBUG o.a.netty.handler.HttpHandler - 

Request DefaultHttpRequest(decodeResult: success, version: HTTP/1.1)
POST /session/335235c0d12ef8d11a67a6a8efe4f74a/execute/sync HTTP/1.1
User-Agent: selenium/4.1.4 (java windows)
Content-Length: 47340
Content-Type: application/json; charset=utf-8
host: localhost:49214
accept: */*

Response DefaultHttpResponse(decodeResult: success, version: HTTP/1.1)
HTTP/1.1 200 OK
Content-Type: application/json; charset=utf-8
cache-control: no-cache
content-length: 12

20:08:03.280 [AsyncHttpClient-1-2] DEBUG o.a.netty.channel.ChannelManager - Adding key: http://localhost:49214 for channel [id: 0x4ab95111, L:/127.0.0.1:53689 - R:localhost/127.0.0.1:49214]
20:08:03.281 [Forwarding findElement on session 335235c0d12ef8d11a67a6a8efe4f74a to remote] DEBUG o.a.netty.request.NettyRequestSender - Using pooled Channel '[id: 0x4ab95111, L:/127.0.0.1:53689 - R:localhost/127.0.0.1:49214]' for 'POST' to 'http://localhost:49214/session/335235c0d12ef8d11a67a6a8efe4f74a/element'
20:08:03.281 [Forwarding findElement on session 335235c0d12ef8d11a67a6a8efe4f74a to remote] DEBUG o.a.netty.request.NettyRequestSender - Using open Channel [id: 0x4ab95111, L:/127.0.0.1:53689 - R:localhost/127.0.0.1:49214] for POST '/session/335235c0d12ef8d11a67a6a8efe4f74a/element'
20:08:03.286 [AsyncHttpClient-1-2] DEBUG o.a.netty.handler.HttpHandler - 

Request DefaultHttpRequest(decodeResult: success, version: HTTP/1.1)
POST /session/335235c0d12ef8d11a67a6a8efe4f74a/element HTTP/1.1
User-Agent: selenium/4.1.4 (java windows)
Content-Length: 66
Content-Type: application/json; charset=utf-8
host: localhost:49214
accept: */*

Response DefaultHttpResponse(decodeResult: success, version: HTTP/1.1)
HTTP/1.1 200 OK
Content-Type: application/json; charset=utf-8
cache-control: no-cache
content-length: 88

20:08:03.286 [AsyncHttpClient-1-2] DEBUG o.a.netty.channel.ChannelManager - Adding key: http://localhost:49214 for channel [id: 0x4ab95111, L:/127.0.0.1:53689 - R:localhost/127.0.0.1:49214]
20:08:03.287 [Forwarding clearElement on session 335235c0d12ef8d11a67a6a8efe4f74a to remote] DEBUG o.a.netty.request.NettyRequestSender - Using pooled Channel '[id: 0x4ab95111, L:/127.0.0.1:53689 - R:localhost/127.0.0.1:49214]' for 'POST' to 'http://localhost:49214/session/335235c0d12ef8d11a67a6a8efe4f74a/element/e6e97aab-862c-4382-b427-5da12509a42b/clear'
20:08:03.287 [Forwarding clearElement on session 335235c0d12ef8d11a67a6a8efe4f74a to remote] DEBUG o.a.netty.request.NettyRequestSender - Using open Channel [id: 0x4ab95111, L:/127.0.0.1:53689 - R:localhost/127.0.0.1:49214] for POST '/session/335235c0d12ef8d11a67a6a8efe4f74a/element/e6e97aab-862c-4382-b427-5da12509a42b/clear'
20:08:03.301 [AsyncHttpClient-1-2] DEBUG o.a.netty.handler.HttpHandler - 

Request DefaultHttpRequest(decodeResult: success, version: HTTP/1.1)
POST /session/335235c0d12ef8d11a67a6a8efe4f74a/element/e6e97aab-862c-4382-b427-5da12509a42b/clear HTTP/1.1
User-Agent: selenium/4.1.4 (java windows)
Content-Length: 50
Content-Type: application/json; charset=utf-8
host: localhost:49214
accept: */*

Response DefaultHttpResponse(decodeResult: success, version: HTTP/1.1)
HTTP/1.1 200 OK
Content-Type: application/json; charset=utf-8
cache-control: no-cache
content-length: 14

20:08:03.301 [AsyncHttpClient-1-2] DEBUG o.a.netty.channel.ChannelManager - Adding key: http://localhost:49214 for channel [id: 0x4ab95111, L:/127.0.0.1:53689 - R:localhost/127.0.0.1:49214]
20:08:03.302 [Forwarding findElement on session 335235c0d12ef8d11a67a6a8efe4f74a to remote] DEBUG o.a.netty.request.NettyRequestSender - Using pooled Channel '[id: 0x4ab95111, L:/127.0.0.1:53689 - R:localhost/127.0.0.1:49214]' for 'POST' to 'http://localhost:49214/session/335235c0d12ef8d11a67a6a8efe4f74a/element'
20:08:03.302 [Forwarding findElement on session 335235c0d12ef8d11a67a6a8efe4f74a to remote] DEBUG o.a.netty.request.NettyRequestSender - Using open Channel [id: 0x4ab95111, L:/127.0.0.1:53689 - R:localhost/127.0.0.1:49214] for POST '/session/335235c0d12ef8d11a67a6a8efe4f74a/element'
20:08:03.307 [AsyncHttpClient-1-2] DEBUG o.a.netty.handler.HttpHandler - 

Request DefaultHttpRequest(decodeResult: success, version: HTTP/1.1)
POST /session/335235c0d12ef8d11a67a6a8efe4f74a/element HTTP/1.1
User-Agent: selenium/4.1.4 (java windows)
Content-Length: 66
Content-Type: application/json; charset=utf-8
host: localhost:49214
accept: */*

Response DefaultHttpResponse(decodeResult: success, version: HTTP/1.1)
HTTP/1.1 200 OK
Content-Type: application/json; charset=utf-8
cache-control: no-cache
content-length: 88

20:08:03.307 [AsyncHttpClient-1-2] DEBUG o.a.netty.channel.ChannelManager - Adding key: http://localhost:49214 for channel [id: 0x4ab95111, L:/127.0.0.1:53689 - R:localhost/127.0.0.1:49214]
20:08:03.308 [Forwarding sendKeysToElement on session 335235c0d12ef8d11a67a6a8efe4f74a to remote] DEBUG o.a.netty.request.NettyRequestSender - Using pooled Channel '[id: 0x4ab95111, L:/127.0.0.1:53689 - R:localhost/127.0.0.1:49214]' for 'POST' to 'http://localhost:49214/session/335235c0d12ef8d11a67a6a8efe4f74a/element/e6e97aab-862c-4382-b427-5da12509a42b/value'
20:08:03.308 [Forwarding sendKeysToElement on session 335235c0d12ef8d11a67a6a8efe4f74a to remote] DEBUG o.a.netty.request.NettyRequestSender - Using open Channel [id: 0x4ab95111, L:/127.0.0.1:53689 - R:localhost/127.0.0.1:49214] for POST '/session/335235c0d12ef8d11a67a6a8efe4f74a/element/e6e97aab-862c-4382-b427-5da12509a42b/value'
20:08:03.328 [AsyncHttpClient-1-2] DEBUG o.a.netty.handler.HttpHandler - 

Request DefaultHttpRequest(decodeResult: success, version: HTTP/1.1)
POST /session/335235c0d12ef8d11a67a6a8efe4f74a/element/e6e97aab-862c-4382-b427-5da12509a42b/value HTTP/1.1
User-Agent: selenium/4.1.4 (java windows)
Content-Length: 121
Content-Type: application/json; charset=utf-8
host: localhost:49214
accept: */*

Response DefaultHttpResponse(decodeResult: success, version: HTTP/1.1)
HTTP/1.1 200 OK
Content-Type: application/json; charset=utf-8
cache-control: no-cache
content-length: 14

20:08:03.328 [AsyncHttpClient-1-2] DEBUG o.a.netty.channel.ChannelManager - Adding key: http://localhost:49214 for channel [id: 0x4ab95111, L:/127.0.0.1:53689 - R:localhost/127.0.0.1:49214]
20:08:03.329 [Forwarding findElement on session 335235c0d12ef8d11a67a6a8efe4f74a to remote] DEBUG o.a.netty.request.NettyRequestSender - Using pooled Channel '[id: 0x4ab95111, L:/127.0.0.1:53689 - R:localhost/127.0.0.1:49214]' for 'POST' to 'http://localhost:49214/session/335235c0d12ef8d11a67a6a8efe4f74a/element'
20:08:03.329 [Forwarding findElement on session 335235c0d12ef8d11a67a6a8efe4f74a to remote] DEBUG o.a.netty.request.NettyRequestSender - Using open Channel [id: 0x4ab95111, L:/127.0.0.1:53689 - R:localhost/127.0.0.1:49214] for POST '/session/335235c0d12ef8d11a67a6a8efe4f74a/element'
20:08:03.337 [AsyncHttpClient-1-2] DEBUG o.a.netty.handler.HttpHandler - 

Request DefaultHttpRequest(decodeResult: success, version: HTTP/1.1)
POST /session/335235c0d12ef8d11a67a6a8efe4f74a/element HTTP/1.1
User-Agent: selenium/4.1.4 (java windows)
Content-Length: 60
Content-Type: application/json; charset=utf-8
host: localhost:49214
accept: */*

Response DefaultHttpResponse(decodeResult: success, version: HTTP/1.1)
HTTP/1.1 200 OK
Content-Type: application/json; charset=utf-8
cache-control: no-cache
content-length: 88

20:08:03.337 [AsyncHttpClient-1-2] DEBUG o.a.netty.channel.ChannelManager - Adding key: http://localhost:49214 for channel [id: 0x4ab95111, L:/127.0.0.1:53689 - R:localhost/127.0.0.1:49214]
20:08:03.338 [Forwarding clickElement on session 335235c0d12ef8d11a67a6a8efe4f74a to remote] DEBUG o.a.netty.request.NettyRequestSender - Using pooled Channel '[id: 0x4ab95111, L:/127.0.0.1:53689 - R:localhost/127.0.0.1:49214]' for 'POST' to 'http://localhost:49214/session/335235c0d12ef8d11a67a6a8efe4f74a/element/09943aed-9302-45cf-83c1-1d0eff80a861/click'
20:08:03.338 [Forwarding clickElement on session 335235c0d12ef8d11a67a6a8efe4f74a to remote] DEBUG o.a.netty.request.NettyRequestSender - Using open Channel [id: 0x4ab95111, L:/127.0.0.1:53689 - R:localhost/127.0.0.1:49214] for POST '/session/335235c0d12ef8d11a67a6a8efe4f74a/element/09943aed-9302-45cf-83c1-1d0eff80a861/click'
20:08:03.476 [AsyncHttpClient-1-2] DEBUG o.a.netty.handler.HttpHandler - 

Request DefaultHttpRequest(decodeResult: success, version: HTTP/1.1)
POST /session/335235c0d12ef8d11a67a6a8efe4f74a/element/09943aed-9302-45cf-83c1-1d0eff80a861/click HTTP/1.1
User-Agent: selenium/4.1.4 (java windows)
Content-Length: 50
Content-Type: application/json; charset=utf-8
host: localhost:49214
accept: */*

Response DefaultHttpResponse(decodeResult: success, version: HTTP/1.1)
HTTP/1.1 200 OK
Content-Type: application/json; charset=utf-8
cache-control: no-cache
content-length: 14

20:08:03.476 [AsyncHttpClient-1-2] DEBUG o.a.netty.channel.ChannelManager - Adding key: http://localhost:49214 for channel [id: 0x4ab95111, L:/127.0.0.1:53689 - R:localhost/127.0.0.1:49214]
20:08:03.478 [Forwarding findElement on session 335235c0d12ef8d11a67a6a8efe4f74a to remote] DEBUG o.a.netty.request.NettyRequestSender - Using pooled Channel '[id: 0x4ab95111, L:/127.0.0.1:53689 - R:localhost/127.0.0.1:49214]' for 'POST' to 'http://localhost:49214/session/335235c0d12ef8d11a67a6a8efe4f74a/element'
20:08:03.478 [Forwarding findElement on session 335235c0d12ef8d11a67a6a8efe4f74a to remote] DEBUG o.a.netty.request.NettyRequestSender - Using open Channel [id: 0x4ab95111, L:/127.0.0.1:53689 - R:localhost/127.0.0.1:49214] for POST '/session/335235c0d12ef8d11a67a6a8efe4f74a/element'
20:08:03.488 [AsyncHttpClient-1-2] DEBUG o.a.netty.handler.HttpHandler - 

Request DefaultHttpRequest(decodeResult: success, version: HTTP/1.1)
POST /session/335235c0d12ef8d11a67a6a8efe4f74a/element HTTP/1.1
User-Agent: selenium/4.1.4 (java windows)
Content-Length: 47
Content-Type: application/json; charset=utf-8
host: localhost:49214
accept: */*

Response DefaultHttpResponse(decodeResult: success, version: HTTP/1.1)
HTTP/1.1 200 OK
Content-Type: application/json; charset=utf-8
cache-control: no-cache
content-length: 88

20:08:03.488 [AsyncHttpClient-1-2] DEBUG o.a.netty.channel.ChannelManager - Adding key: http://localhost:49214 for channel [id: 0x4ab95111, L:/127.0.0.1:53689 - R:localhost/127.0.0.1:49214]
20:08:03.489 [Forwarding clickElement on session 335235c0d12ef8d11a67a6a8efe4f74a to remote] DEBUG o.a.netty.request.NettyRequestSender - Using pooled Channel '[id: 0x4ab95111, L:/127.0.0.1:53689 - R:localhost/127.0.0.1:49214]' for 'POST' to 'http://localhost:49214/session/335235c0d12ef8d11a67a6a8efe4f74a/element/cb45c2e6-7493-44a2-9b72-564990f45c2c/click'
20:08:03.489 [Forwarding clickElement on session 335235c0d12ef8d11a67a6a8efe4f74a to remote] DEBUG o.a.netty.request.NettyRequestSender - Using open Channel [id: 0x4ab95111, L:/127.0.0.1:53689 - R:localhost/127.0.0.1:49214] for POST '/session/335235c0d12ef8d11a67a6a8efe4f74a/element/cb45c2e6-7493-44a2-9b72-564990f45c2c/click'
20:08:03.608 [AsyncHttpClient-1-2] DEBUG o.a.netty.handler.HttpHandler - 

Request DefaultHttpRequest(decodeResult: success, version: HTTP/1.1)
POST /session/335235c0d12ef8d11a67a6a8efe4f74a/element/cb45c2e6-7493-44a2-9b72-564990f45c2c/click HTTP/1.1
User-Agent: selenium/4.1.4 (java windows)
Content-Length: 50
Content-Type: application/json; charset=utf-8
host: localhost:49214
accept: */*

Response DefaultHttpResponse(decodeResult: success, version: HTTP/1.1)
HTTP/1.1 200 OK
Content-Type: application/json; charset=utf-8
cache-control: no-cache
content-length: 14

20:08:03.608 [AsyncHttpClient-1-2] DEBUG o.a.netty.channel.ChannelManager - Adding key: http://localhost:49214 for channel [id: 0x4ab95111, L:/127.0.0.1:53689 - R:localhost/127.0.0.1:49214]
20:08:03.609 [Forwarding findElements on session 335235c0d12ef8d11a67a6a8efe4f74a to remote] DEBUG o.a.netty.request.NettyRequestSender - Using pooled Channel '[id: 0x4ab95111, L:/127.0.0.1:53689 - R:localhost/127.0.0.1:49214]' for 'POST' to 'http://localhost:49214/session/335235c0d12ef8d11a67a6a8efe4f74a/elements'
20:08:03.609 [Forwarding findElements on session 335235c0d12ef8d11a67a6a8efe4f74a to remote] DEBUG o.a.netty.request.NettyRequestSender - Using open Channel [id: 0x4ab95111, L:/127.0.0.1:53689 - R:localhost/127.0.0.1:49214] for POST '/session/335235c0d12ef8d11a67a6a8efe4f74a/elements'
20:08:03.618 [AsyncHttpClient-1-2] DEBUG o.a.netty.handler.HttpHandler - 

Request DefaultHttpRequest(decodeResult: success, version: HTTP/1.1)
POST /session/335235c0d12ef8d11a67a6a8efe4f74a/elements HTTP/1.1
User-Agent: selenium/4.1.4 (java windows)
Content-Length: 64
Content-Type: application/json; charset=utf-8
host: localhost:49214
accept: */*

Response DefaultHttpResponse(decodeResult: success, version: HTTP/1.1)
HTTP/1.1 200 OK
Content-Type: application/json; charset=utf-8
cache-control: no-cache
content-length: 327

20:08:03.618 [AsyncHttpClient-1-2] DEBUG o.a.netty.channel.ChannelManager - Adding key: http://localhost:49214 for channel [id: 0x4ab95111, L:/127.0.0.1:53689 - R:localhost/127.0.0.1:49214]
20:08:03.619 [Forwarding findElements on session 335235c0d12ef8d11a67a6a8efe4f74a to remote] DEBUG o.a.netty.request.NettyRequestSender - Using pooled Channel '[id: 0x4ab95111, L:/127.0.0.1:53689 - R:localhost/127.0.0.1:49214]' for 'POST' to 'http://localhost:49214/session/335235c0d12ef8d11a67a6a8efe4f74a/elements'
20:08:03.619 [Forwarding findElements on session 335235c0d12ef8d11a67a6a8efe4f74a to remote] DEBUG o.a.netty.request.NettyRequestSender - Using open Channel [id: 0x4ab95111, L:/127.0.0.1:53689 - R:localhost/127.0.0.1:49214] for POST '/session/335235c0d12ef8d11a67a6a8efe4f74a/elements'
20:08:03.625 [AsyncHttpClient-1-2] DEBUG o.a.netty.handler.HttpHandler - 

Request DefaultHttpRequest(decodeResult: success, version: HTTP/1.1)
POST /session/335235c0d12ef8d11a67a6a8efe4f74a/elements HTTP/1.1
User-Agent: selenium/4.1.4 (java windows)
Content-Length: 54
Content-Type: application/json; charset=utf-8
host: localhost:49214
accept: */*

Response DefaultHttpResponse(decodeResult: success, version: HTTP/1.1)
HTTP/1.1 200 OK
Content-Type: application/json; charset=utf-8
cache-control: no-cache
content-length: 327

20:08:03.625 [AsyncHttpClient-1-2] DEBUG o.a.netty.channel.ChannelManager - Adding key: http://localhost:49214 for channel [id: 0x4ab95111, L:/127.0.0.1:53689 - R:localhost/127.0.0.1:49214]
20:08:03.626 [Forwarding getElementText on session 335235c0d12ef8d11a67a6a8efe4f74a to remote] DEBUG o.a.netty.request.NettyRequestSender - Using pooled Channel '[id: 0x4ab95111, L:/127.0.0.1:53689 - R:localhost/127.0.0.1:49214]' for 'GET' to 'http://localhost:49214/session/335235c0d12ef8d11a67a6a8efe4f74a/element/aeade14e-8de5-4b75-8e8b-bbcf9391f878/text'
20:08:03.626 [Forwarding getElementText on session 335235c0d12ef8d11a67a6a8efe4f74a to remote] DEBUG o.a.netty.request.NettyRequestSender - Using open Channel [id: 0x4ab95111, L:/127.0.0.1:53689 - R:localhost/127.0.0.1:49214] for GET '/session/335235c0d12ef8d11a67a6a8efe4f74a/element/aeade14e-8de5-4b75-8e8b-bbcf9391f878/text'
20:08:03.642 [AsyncHttpClient-1-2] DEBUG o.a.netty.handler.HttpHandler - 

Request DefaultFullHttpRequest(decodeResult: success, version: HTTP/1.1, content: EmptyByteBufBE)
GET /session/335235c0d12ef8d11a67a6a8efe4f74a/element/aeade14e-8de5-4b75-8e8b-bbcf9391f878/text HTTP/1.1
User-Agent: selenium/4.1.4 (java windows)
Cache-Control: no-cache
Content-Type: application/json; charset=utf-8
host: localhost:49214
accept: */*

Response DefaultHttpResponse(decodeResult: success, version: HTTP/1.1)
HTTP/1.1 200 OK
Content-Type: application/json; charset=utf-8
cache-control: no-cache
content-length: 19

20:08:03.642 [AsyncHttpClient-1-2] DEBUG o.a.netty.channel.ChannelManager - Adding key: http://localhost:49214 for channel [id: 0x4ab95111, L:/127.0.0.1:53689 - R:localhost/127.0.0.1:49214]
20:08:03.643 [Forwarding findChildElement on session 335235c0d12ef8d11a67a6a8efe4f74a to remote] DEBUG o.a.netty.request.NettyRequestSender - Using pooled Channel '[id: 0x4ab95111, L:/127.0.0.1:53689 - R:localhost/127.0.0.1:49214]' for 'POST' to 'http://localhost:49214/session/335235c0d12ef8d11a67a6a8efe4f74a/element/aeade14e-8de5-4b75-8e8b-bbcf9391f878/element'
20:08:03.643 [Forwarding findChildElement on session 335235c0d12ef8d11a67a6a8efe4f74a to remote] DEBUG o.a.netty.request.NettyRequestSender - Using open Channel [id: 0x4ab95111, L:/127.0.0.1:53689 - R:localhost/127.0.0.1:49214] for POST '/session/335235c0d12ef8d11a67a6a8efe4f74a/element/aeade14e-8de5-4b75-8e8b-bbcf9391f878/element'
20:08:03.651 [AsyncHttpClient-1-2] DEBUG o.a.netty.handler.HttpHandler - 

Request DefaultHttpRequest(decodeResult: success, version: HTTP/1.1)
POST /session/335235c0d12ef8d11a67a6a8efe4f74a/element/aeade14e-8de5-4b75-8e8b-bbcf9391f878/element HTTP/1.1
User-Agent: selenium/4.1.4 (java windows)
Content-Length: 93
Content-Type: application/json; charset=utf-8
host: localhost:49214
accept: */*

Response DefaultHttpResponse(decodeResult: success, version: HTTP/1.1)
HTTP/1.1 200 OK
Content-Type: application/json; charset=utf-8
cache-control: no-cache
content-length: 88

20:08:03.651 [AsyncHttpClient-1-2] DEBUG o.a.netty.channel.ChannelManager - Adding key: http://localhost:49214 for channel [id: 0x4ab95111, L:/127.0.0.1:53689 - R:localhost/127.0.0.1:49214]
20:08:03.653 [Forwarding getElementAttribute on session 335235c0d12ef8d11a67a6a8efe4f74a to remote] DEBUG o.a.netty.request.NettyRequestSender - Using pooled Channel '[id: 0x4ab95111, L:/127.0.0.1:53689 - R:localhost/127.0.0.1:49214]' for 'POST' to 'http://localhost:49214/session/335235c0d12ef8d11a67a6a8efe4f74a/execute/sync'
20:08:03.653 [Forwarding getElementAttribute on session 335235c0d12ef8d11a67a6a8efe4f74a to remote] DEBUG o.a.netty.request.NettyRequestSender - Using open Channel [id: 0x4ab95111, L:/127.0.0.1:53689 - R:localhost/127.0.0.1:49214] for POST '/session/335235c0d12ef8d11a67a6a8efe4f74a/execute/sync'
20:08:03.660 [AsyncHttpClient-1-2] DEBUG o.a.netty.handler.HttpHandler - 

Request DefaultHttpRequest(decodeResult: success, version: HTTP/1.1)
POST /session/335235c0d12ef8d11a67a6a8efe4f74a/execute/sync HTTP/1.1
User-Agent: selenium/4.1.4 (java windows)
Content-Length: 47340
Content-Type: application/json; charset=utf-8
host: localhost:49214
accept: */*

Response DefaultHttpResponse(decodeResult: success, version: HTTP/1.1)
HTTP/1.1 200 OK
Content-Type: application/json; charset=utf-8
cache-control: no-cache
content-length: 15

20:08:03.660 [AsyncHttpClient-1-2] DEBUG o.a.netty.channel.ChannelManager - Adding key: http://localhost:49214 for channel [id: 0x4ab95111, L:/127.0.0.1:53689 - R:localhost/127.0.0.1:49214]
20:08:03.661 [Forwarding getElementText on session 335235c0d12ef8d11a67a6a8efe4f74a to remote] DEBUG o.a.netty.request.NettyRequestSender - Using pooled Channel '[id: 0x4ab95111, L:/127.0.0.1:53689 - R:localhost/127.0.0.1:49214]' for 'GET' to 'http://localhost:49214/session/335235c0d12ef8d11a67a6a8efe4f74a/element/c7edc30e-fca2-493c-99d9-837fdf713e12/text'
20:08:03.661 [Forwarding getElementText on session 335235c0d12ef8d11a67a6a8efe4f74a to remote] DEBUG o.a.netty.request.NettyRequestSender - Using open Channel [id: 0x4ab95111, L:/127.0.0.1:53689 - R:localhost/127.0.0.1:49214] for GET '/session/335235c0d12ef8d11a67a6a8efe4f74a/element/c7edc30e-fca2-493c-99d9-837fdf713e12/text'
20:08:03.671 [AsyncHttpClient-1-2] DEBUG o.a.netty.handler.HttpHandler - 

Request DefaultFullHttpRequest(decodeResult: success, version: HTTP/1.1, content: EmptyByteBufBE)
GET /session/335235c0d12ef8d11a67a6a8efe4f74a/element/c7edc30e-fca2-493c-99d9-837fdf713e12/text HTTP/1.1
User-Agent: selenium/4.1.4 (java windows)
Cache-Control: no-cache
Content-Type: application/json; charset=utf-8
host: localhost:49214
accept: */*

Response DefaultHttpResponse(decodeResult: success, version: HTTP/1.1)
HTTP/1.1 200 OK
Content-Type: application/json; charset=utf-8
cache-control: no-cache
content-length: 23

20:08:03.671 [AsyncHttpClient-1-2] DEBUG o.a.netty.channel.ChannelManager - Adding key: http://localhost:49214 for channel [id: 0x4ab95111, L:/127.0.0.1:53689 - R:localhost/127.0.0.1:49214]
20:08:03.671 [Forwarding findChildElement on session 335235c0d12ef8d11a67a6a8efe4f74a to remote] DEBUG o.a.netty.request.NettyRequestSender - Using pooled Channel '[id: 0x4ab95111, L:/127.0.0.1:53689 - R:localhost/127.0.0.1:49214]' for 'POST' to 'http://localhost:49214/session/335235c0d12ef8d11a67a6a8efe4f74a/element/c7edc30e-fca2-493c-99d9-837fdf713e12/element'
20:08:03.672 [Forwarding findChildElement on session 335235c0d12ef8d11a67a6a8efe4f74a to remote] DEBUG o.a.netty.request.NettyRequestSender - Using open Channel [id: 0x4ab95111, L:/127.0.0.1:53689 - R:localhost/127.0.0.1:49214] for POST '/session/335235c0d12ef8d11a67a6a8efe4f74a/element/c7edc30e-fca2-493c-99d9-837fdf713e12/element'
20:08:03.680 [AsyncHttpClient-1-2] DEBUG o.a.netty.handler.HttpHandler - 

Request DefaultHttpRequest(decodeResult: success, version: HTTP/1.1)
POST /session/335235c0d12ef8d11a67a6a8efe4f74a/element/c7edc30e-fca2-493c-99d9-837fdf713e12/element HTTP/1.1
User-Agent: selenium/4.1.4 (java windows)
Content-Length: 93
Content-Type: application/json; charset=utf-8
host: localhost:49214
accept: */*

Response DefaultHttpResponse(decodeResult: success, version: HTTP/1.1)
HTTP/1.1 200 OK
Content-Type: application/json; charset=utf-8
cache-control: no-cache
content-length: 88

20:08:03.680 [AsyncHttpClient-1-2] DEBUG o.a.netty.channel.ChannelManager - Adding key: http://localhost:49214 for channel [id: 0x4ab95111, L:/127.0.0.1:53689 - R:localhost/127.0.0.1:49214]
20:08:03.683 [Forwarding getElementAttribute on session 335235c0d12ef8d11a67a6a8efe4f74a to remote] DEBUG o.a.netty.request.NettyRequestSender - Using pooled Channel '[id: 0x4ab95111, L:/127.0.0.1:53689 - R:localhost/127.0.0.1:49214]' for 'POST' to 'http://localhost:49214/session/335235c0d12ef8d11a67a6a8efe4f74a/execute/sync'
20:08:03.683 [Forwarding getElementAttribute on session 335235c0d12ef8d11a67a6a8efe4f74a to remote] DEBUG o.a.netty.request.NettyRequestSender - Using open Channel [id: 0x4ab95111, L:/127.0.0.1:53689 - R:localhost/127.0.0.1:49214] for POST '/session/335235c0d12ef8d11a67a6a8efe4f74a/execute/sync'
20:08:03.691 [AsyncHttpClient-1-2] DEBUG o.a.netty.handler.HttpHandler - 

Request DefaultHttpRequest(decodeResult: success, version: HTTP/1.1)
POST /session/335235c0d12ef8d11a67a6a8efe4f74a/execute/sync HTTP/1.1
User-Agent: selenium/4.1.4 (java windows)
Content-Length: 47340
Content-Type: application/json; charset=utf-8
host: localhost:49214
accept: */*

Response DefaultHttpResponse(decodeResult: success, version: HTTP/1.1)
HTTP/1.1 200 OK
Content-Type: application/json; charset=utf-8
cache-control: no-cache
content-length: 15

20:08:03.691 [AsyncHttpClient-1-2] DEBUG o.a.netty.channel.ChannelManager - Adding key: http://localhost:49214 for channel [id: 0x4ab95111, L:/127.0.0.1:53689 - R:localhost/127.0.0.1:49214]
20:08:03.691 [Forwarding getElementText on session 335235c0d12ef8d11a67a6a8efe4f74a to remote] DEBUG o.a.netty.request.NettyRequestSender - Using pooled Channel '[id: 0x4ab95111, L:/127.0.0.1:53689 - R:localhost/127.0.0.1:49214]' for 'GET' to 'http://localhost:49214/session/335235c0d12ef8d11a67a6a8efe4f74a/element/6edd98f7-da64-4ab5-bd8e-5899a47bb72e/text'
20:08:03.691 [Forwarding getElementText on session 335235c0d12ef8d11a67a6a8efe4f74a to remote] DEBUG o.a.netty.request.NettyRequestSender - Using open Channel [id: 0x4ab95111, L:/127.0.0.1:53689 - R:localhost/127.0.0.1:49214] for GET '/session/335235c0d12ef8d11a67a6a8efe4f74a/element/6edd98f7-da64-4ab5-bd8e-5899a47bb72e/text'
20:08:03.702 [AsyncHttpClient-1-2] DEBUG o.a.netty.handler.HttpHandler - 

Request DefaultFullHttpRequest(decodeResult: success, version: HTTP/1.1, content: EmptyByteBufBE)
GET /session/335235c0d12ef8d11a67a6a8efe4f74a/element/6edd98f7-da64-4ab5-bd8e-5899a47bb72e/text HTTP/1.1
User-Agent: selenium/4.1.4 (java windows)
Cache-Control: no-cache
Content-Type: application/json; charset=utf-8
host: localhost:49214
accept: */*

Response DefaultHttpResponse(decodeResult: success, version: HTTP/1.1)
HTTP/1.1 200 OK
[...]
20:08:06.509 [AsyncHttpClient-1-2] DEBUG o.a.netty.handler.HttpHandler - 

Request DefaultHttpRequest(decodeResult: success, version: HTTP/1.1)
POST /session/335235c0d12ef8d11a67a6a8efe4f74a/element/61b3966f-58fc-478b-b58f-12d02307fb92/click HTTP/1.1
User-Agent: selenium/4.1.4 (java windows)
Content-Length: 50
Content-Type: application/json; charset=utf-8
host: localhost:49214
accept: */*

Response DefaultHttpResponse(decodeResult: success, version: HTTP/1.1)
HTTP/1.1 200 OK
Content-Type: application/json; charset=utf-8
cache-control: no-cache
content-length: 14

20:08:06.510 [AsyncHttpClient-1-2] DEBUG o.a.netty.channel.ChannelManager - Adding key: http://localhost:49214 for channel [id: 0x4ab95111, L:/127.0.0.1:53689 - R:localhost/127.0.0.1:49214]
20:08:06.511 [Forwarding findElement on session 335235c0d12ef8d11a67a6a8efe4f74a to remote] DEBUG o.a.netty.request.NettyRequestSender - Using pooled Channel '[id: 0x4ab95111, L:/127.0.0.1:53689 - R:localhost/127.0.0.1:49214]' for 'POST' to 'http://localhost:49214/session/335235c0d12ef8d11a67a6a8efe4f74a/element'
20:08:06.511 [Forwarding findElement on session 335235c0d12ef8d11a67a6a8efe4f74a to remote] DEBUG o.a.netty.request.NettyRequestSender - Using open Channel [id: 0x4ab95111, L:/127.0.0.1:53689 - R:localhost/127.0.0.1:49214] for POST '/session/335235c0d12ef8d11a67a6a8efe4f74a/element'
20:08:06.520 [AsyncHttpClient-1-2] DEBUG o.a.netty.handler.HttpHandler - 

Request DefaultHttpRequest(decodeResult: success, version: HTTP/1.1)
POST /session/335235c0d12ef8d11a67a6a8efe4f74a/element HTTP/1.1
User-Agent: selenium/4.1.4 (java windows)
Content-Length: 47
Content-Type: application/json; charset=utf-8
host: localhost:49214
accept: */*

Response DefaultHttpResponse(decodeResult: success, version: HTTP/1.1)
HTTP/1.1 200 OK
Content-Type: application/json; charset=utf-8
cache-control: no-cache
content-length: 88

20:08:06.520 [AsyncHttpClient-1-2] DEBUG o.a.netty.channel.ChannelManager - Adding key: http://localhost:49214 for channel [id: 0x4ab95111, L:/127.0.0.1:53689 - R:localhost/127.0.0.1:49214]
20:08:06.521 [Forwarding clickElement on session 335235c0d12ef8d11a67a6a8efe4f74a to remote] DEBUG o.a.netty.request.NettyRequestSender - Using pooled Channel '[id: 0x4ab95111, L:/127.0.0.1:53689 - R:localhost/127.0.0.1:49214]' for 'POST' to 'http://localhost:49214/session/335235c0d12ef8d11a67a6a8efe4f74a/element/ee1d28c7-08c9-458f-8a45-6dc3ddbddf6d/click'
20:08:06.521 [Forwarding clickElement on session 335235c0d12ef8d11a67a6a8efe4f74a to remote] DEBUG o.a.netty.request.NettyRequestSender - Using open Channel [id: 0x4ab95111, L:/127.0.0.1:53689 - R:localhost/127.0.0.1:49214] for POST '/session/335235c0d12ef8d11a67a6a8efe4f74a/element/ee1d28c7-08c9-458f-8a45-6dc3ddbddf6d/click'
20:08:06.643 [AsyncHttpClient-1-2] DEBUG o.a.netty.handler.HttpHandler - 

Request DefaultHttpRequest(decodeResult: success, version: HTTP/1.1)
POST /session/335235c0d12ef8d11a67a6a8efe4f74a/element/ee1d28c7-08c9-458f-8a45-6dc3ddbddf6d/click HTTP/1.1
User-Agent: selenium/4.1.4 (java windows)
Content-Length: 50
Content-Type: application/json; charset=utf-8
host: localhost:49214
accept: */*

Response DefaultHttpResponse(decodeResult: success, version: HTTP/1.1)
HTTP/1.1 200 OK
Content-Type: application/json; charset=utf-8
cache-control: no-cache
content-length: 14

20:08:06.643 [AsyncHttpClient-1-2] DEBUG o.a.netty.channel.ChannelManager - Adding key: http://localhost:49214 for channel [id: 0x4ab95111, L:/127.0.0.1:53689 - R:localhost/127.0.0.1:49214]
20:08:06.643 [Forwarding findElements on session 335235c0d12ef8d11a67a6a8efe4f74a to remote] DEBUG o.a.netty.request.NettyRequestSender - Using pooled Channel '[id: 0x4ab95111, L:/127.0.0.1:53689 - R:localhost/127.0.0.1:49214]' for 'POST' to 'http://localhost:49214/session/335235c0d12ef8d11a67a6a8efe4f74a/elements'
20:08:06.644 [Forwarding findElements on session 335235c0d12ef8d11a67a6a8efe4f74a to remote] DEBUG o.a.netty.request.NettyRequestSender - Using open Channel [id: 0x4ab95111, L:/127.0.0.1:53689 - R:localhost/127.0.0.1:49214] for POST '/session/335235c0d12ef8d11a67a6a8efe4f74a/elements'
20:08:06.649 [AsyncHttpClient-1-2] DEBUG o.a.netty.handler.HttpHandler - 

Request DefaultHttpRequest(decodeResult: success, version: HTTP/1.1)
POST /session/335235c0d12ef8d11a67a6a8efe4f74a/elements HTTP/1.1
User-Agent: selenium/4.1.4 (java windows)
Content-Length: 64
Content-Type: application/json; charset=utf-8
host: localhost:49214
accept: */*

Response DefaultHttpResponse(decodeResult: success, version: HTTP/1.1)
HTTP/1.1 200 OK
Content-Type: application/json; charset=utf-8
cache-control: no-cache
content-length: 564

20:08:06.649 [AsyncHttpClient-1-2] DEBUG o.a.netty.channel.ChannelManager - Adding key: http://localhost:49214 for channel [id: 0x4ab95111, L:/127.0.0.1:53689 - R:localhost/127.0.0.1:49214]
20:08:06.650 [Test worker] DEBUG o.h.e.t.internal.TransactionImpl - On TransactionImpl creation, JpaCompliance#isJpaTransactionComplianceEnabled == false
20:08:06.650 [Test worker] DEBUG o.h.e.t.internal.TransactionImpl - begin
20:08:06.650 [Test worker] DEBUG org.hibernate.SQL - select groupdata0_.group_id as group_id1_2_, groupdata0_.group_footer as group_fo2_2_, groupdata0_.group_header as group_he3_2_, groupdata0_.group_name as group_na4_2_ from group_list groupdata0_
Hibernate: select groupdata0_.group_id as group_id1_2_, groupdata0_.group_footer as group_fo2_2_, groupdata0_.group_header as group_he3_2_, groupdata0_.group_name as group_na4_2_ from group_list groupdata0_
20:08:06.651 [Test worker] DEBUG org.hibernate.loader.Loader - Result set row: 0
20:08:06.651 [Test worker] DEBUG org.hibernate.loader.Loader - Result row: EntityKey[ru.stqa.pft.addressbook.model.GroupData#119]
20:08:06.651 [Test worker] DEBUG org.hibernate.loader.Loader - Result set row: 1
20:08:06.651 [Test worker] DEBUG org.hibernate.loader.Loader - Result row: EntityKey[ru.stqa.pft.addressbook.model.GroupData#120]
20:08:06.651 [Test worker] DEBUG org.hibernate.loader.Loader - Result set row: 2
20:08:06.651 [Test worker] DEBUG org.hibernate.loader.Loader - Result row: EntityKey[ru.stqa.pft.addressbook.model.GroupData#122]
20:08:06.651 [Test worker] DEBUG org.hibernate.loader.Loader - Result set row: 3
20:08:06.651 [Test worker] DEBUG org.hibernate.loader.Loader - Result row: EntityKey[ru.stqa.pft.addressbook.model.GroupData#123]
20:08:06.651 [Test worker] DEBUG org.hibernate.loader.Loader - Result set row: 4
20:08:06.651 [Test worker] DEBUG org.hibernate.loader.Loader - Result row: EntityKey[ru.stqa.pft.addressbook.model.GroupData#124]
20:08:06.651 [Test worker] DEBUG org.hibernate.loader.Loader - Result set row: 5
20:08:06.651 [Test worker] DEBUG org.hibernate.loader.Loader - Result row: EntityKey[ru.stqa.pft.addressbook.model.GroupData#125]
20:08:06.651 [Test worker] DEBUG org.hibernate.loader.Loader - Result set row: 6
20:08:06.651 [Test worker] DEBUG org.hibernate.loader.Loader - Result row: EntityKey[ru.stqa.pft.addressbook.model.GroupData#126]
20:08:06.651 [Test worker] DEBUG o.h.engine.internal.TwoPhaseLoad - Resolving attributes for [ru.stqa.pft.addressbook.model.GroupData#119]
20:08:06.651 [Test worker] DEBUG o.h.engine.internal.TwoPhaseLoad - Processing attribute `contacts` : value = NOT NULL COLLECTION
20:08:06.651 [Test worker] DEBUG o.h.engine.internal.TwoPhaseLoad - Attribute (`contacts`)  - enhanced for lazy-loading? - false
20:08:06.652 [Test worker] DEBUG o.h.engine.internal.TwoPhaseLoad - Processing attribute `footer` : value = new3
20:08:06.652 [Test worker] DEBUG o.h.engine.internal.TwoPhaseLoad - Attribute (`footer`)  - enhanced for lazy-loading? - false
20:08:06.652 [Test worker] DEBUG o.h.engine.internal.TwoPhaseLoad - Processing attribute `header` : value = new2
20:08:06.652 [Test worker] DEBUG o.h.engine.internal.TwoPhaseLoad - Attribute (`header`)  - enhanced for lazy-loading? - false
20:08:06.652 [Test worker] DEBUG o.h.engine.internal.TwoPhaseLoad - Processing attribute `name` : value = HsGyE4c
20:08:06.652 [Test worker] DEBUG o.h.engine.internal.TwoPhaseLoad - Attribute (`name`)  - enhanced for lazy-loading? - false
20:08:06.652 [Test worker] DEBUG o.h.engine.internal.TwoPhaseLoad - Done materializing entity [ru.stqa.pft.addressbook.model.GroupData#119]
20:08:06.652 [Test worker] DEBUG o.h.engine.internal.TwoPhaseLoad - Resolving attributes for [ru.stqa.pft.addressbook.model.GroupData#120]
20:08:06.652 [Test worker] DEBUG o.h.engine.internal.TwoPhaseLoad - Processing attribute `contacts` : value = NOT NULL COLLECTION
20:08:06.652 [Test worker] DEBUG o.h.engine.internal.TwoPhaseLoad - Attribute (`contacts`)  - enhanced for lazy-loading? - false
20:08:06.652 [Test worker] DEBUG o.h.engine.internal.TwoPhaseLoad - Processing attribute `footer` : value = new3
20:08:06.652 [Test worker] DEBUG o.h.engine.internal.TwoPhaseLoad - Attribute (`footer`)  - enhanced for lazy-loading? - false
20:08:06.652 [Test worker] DEBUG o.h.engine.internal.TwoPhaseLoad - Processing attribute `header` : value = new2
20:08:06.652 [Test worker] DEBUG o.h.engine.internal.TwoPhaseLoad - Attribute (`header`)  - enhanced for lazy-loading? - false
20:08:06.652 [Test worker] DEBUG o.h.engine.internal.TwoPhaseLoad - Processing attribute `name` : value = UyvfTeY
20:08:06.652 [Test worker] DEBUG o.h.engine.internal.TwoPhaseLoad - Attribute (`name`)  - enhanced for lazy-loading? - false
20:08:06.652 [Test worker] DEBUG o.h.engine.internal.TwoPhaseLoad - Done materializing entity [ru.stqa.pft.addressbook.model.GroupData#120]
20:08:06.652 [Test worker] DEBUG o.h.engine.internal.TwoPhaseLoad - Resolving attributes for [ru.stqa.pft.addressbook.model.GroupData#122]
20:08:06.652 [Test worker] DEBUG o.h.engine.internal.TwoPhaseLoad - Processing attribute `contacts` : value = NOT NULL COLLECTION
20:08:06.652 [Test worker] DEBUG o.h.engine.internal.TwoPhaseLoad - Attribute (`contacts`)  - enhanced for lazy-loading? - false
20:08:06.652 [Test worker] DEBUG o.h.engine.internal.TwoPhaseLoad - Processing attribute `footer` : value = test3
20:08:06.652 [Test worker] DEBUG o.h.engine.internal.TwoPhaseLoad - Attribute (`footer`)  - enhanced for lazy-loading? - false
20:08:06.652 [Test worker] DEBUG o.h.engine.internal.TwoPhaseLoad - Processing attribute `header` : value = test2
20:08:06.652 [Test worker] DEBUG o.h.engine.internal.TwoPhaseLoad - Attribute (`header`)  - enhanced for lazy-loading? - false
20:08:06.652 [Test worker] DEBUG o.h.engine.internal.TwoPhaseLoad - Processing attribute `name` : value = test1
20:08:06.652 [Test worker] DEBUG o.h.engine.internal.TwoPhaseLoad - Attribute (`name`)  - enhanced for lazy-loading? - false
20:08:06.652 [Test worker] DEBUG o.h.engine.internal.TwoPhaseLoad - Done materializing entity [ru.stqa.pft.addressbook.model.GroupData#122]
20:08:06.652 [Test worker] DEBUG o.h.engine.internal.TwoPhaseLoad - Resolving attributes for [ru.stqa.pft.addressbook.model.GroupData#123]
20:08:06.652 [Test worker] DEBUG o.h.engine.internal.TwoPhaseLoad - Processing attribute `contacts` : value = NOT NULL COLLECTION
20:08:06.652 [Test worker] DEBUG o.h.engine.internal.TwoPhaseLoad - Attribute (`contacts`)  - enhanced for lazy-loading? - false
20:08:06.652 [Test worker] DEBUG o.h.engine.internal.TwoPhaseLoad - Processing attribute `footer` : value = test footer 2
20:08:06.652 [Test worker] DEBUG o.h.engine.internal.TwoPhaseLoad - Attribute (`footer`)  - enhanced for lazy-loading? - false
20:08:06.652 [Test worker] DEBUG o.h.engine.internal.TwoPhaseLoad - Processing attribute `header` : value = test header 2
20:08:06.652 [Test worker] DEBUG o.h.engine.internal.TwoPhaseLoad - Attribute (`header`)  - enhanced for lazy-loading? - false
20:08:06.652 [Test worker] DEBUG o.h.engine.internal.TwoPhaseLoad - Processing attribute `name` : value = test name 2
20:08:06.652 [Test worker] DEBUG o.h.engine.internal.TwoPhaseLoad - Attribute (`name`)  - enhanced for lazy-loading? - false
20:08:06.652 [Test worker] DEBUG o.h.engine.internal.TwoPhaseLoad - Done materializing entity [ru.stqa.pft.addressbook.model.GroupData#123]
20:08:06.652 [Test worker] DEBUG o.h.engine.internal.TwoPhaseLoad - Resolving attributes for [ru.stqa.pft.addressbook.model.GroupData#124]
20:08:06.652 [Test worker] DEBUG o.h.engine.internal.TwoPhaseLoad - Processing attribute `contacts` : value = NOT NULL COLLECTION
20:08:06.652 [Test worker] DEBUG o.h.engine.internal.TwoPhaseLoad - Attribute (`contacts`)  - enhanced for lazy-loading? - false
20:08:06.652 [Test worker] DEBUG o.h.engine.internal.TwoPhaseLoad - Processing attribute `footer` : value = test footer 0
20:08:06.652 [Test worker] DEBUG o.h.engine.internal.TwoPhaseLoad - Attribute (`footer`)  - enhanced for lazy-loading? - false
20:08:06.652 [Test worker] DEBUG o.h.engine.internal.TwoPhaseLoad - Processing attribute `header` : value = test header 0
20:08:06.652 [Test worker] DEBUG o.h.engine.internal.TwoPhaseLoad - Attribute (`header`)  - enhanced for lazy-loading? - false
20:08:06.652 [Test worker] DEBUG o.h.engine.internal.TwoPhaseLoad - Processing attribute `name` : value = test name 0
20:08:06.652 [Test worker] DEBUG o.h.engine.internal.TwoPhaseLoad - Attribute (`name`)  - enhanced for lazy-loading? - false
20:08:06.652 [Test worker] DEBUG o.h.engine.internal.TwoPhaseLoad - Done materializing entity [ru.stqa.pft.addressbook.model.GroupData#124]
20:08:06.652 [Test worker] DEBUG o.h.engine.internal.TwoPhaseLoad - Resolving attributes for [ru.stqa.pft.addressbook.model.GroupData#125]
20:08:06.652 [Test worker] DEBUG o.h.engine.internal.TwoPhaseLoad - Processing attribute `contacts` : value = NOT NULL COLLECTION
20:08:06.652 [Test worker] DEBUG o.h.engine.internal.TwoPhaseLoad - Attribute (`contacts`)  - enhanced for lazy-loading? - false
20:08:06.652 [Test worker] DEBUG o.h.engine.internal.TwoPhaseLoad - Processing attribute `footer` : value = test footer 1
20:08:06.652 [Test worker] DEBUG o.h.engine.internal.TwoPhaseLoad - Attribute (`footer`)  - enhanced for lazy-loading? - false
20:08:06.652 [Test worker] DEBUG o.h.engine.internal.TwoPhaseLoad - Processing attribute `header` : value = test header 1
20:08:06.652 [Test worker] DEBUG o.h.engine.internal.TwoPhaseLoad - Attribute (`header`)  - enhanced for lazy-loading? - false
20:08:06.652 [Test worker] DEBUG o.h.engine.internal.TwoPhaseLoad - Processing attribute `name` : value = test name 1
20:08:06.652 [Test worker] DEBUG o.h.engine.internal.TwoPhaseLoad - Attribute (`name`)  - enhanced for lazy-loading? - false
20:08:06.652 [Test worker] DEBUG o.h.engine.internal.TwoPhaseLoad - Done materializing entity [ru.stqa.pft.addressbook.model.GroupData#125]
20:08:06.652 [Test worker] DEBUG o.h.engine.internal.TwoPhaseLoad - Resolving attributes for [ru.stqa.pft.addressbook.model.GroupData#126]
20:08:06.652 [Test worker] DEBUG o.h.engine.internal.TwoPhaseLoad - Processing attribute `contacts` : value = NOT NULL COLLECTION
20:08:06.652 [Test worker] DEBUG o.h.engine.internal.TwoPhaseLoad - Attribute (`contacts`)  - enhanced for lazy-loading? - false
20:08:06.652 [Test worker] DEBUG o.h.engine.internal.TwoPhaseLoad - Processing attribute `footer` : value = test footer 2
20:08:06.652 [Test worker] DEBUG o.h.engine.internal.TwoPhaseLoad - Attribute (`footer`)  - enhanced for lazy-loading? - false
20:08:06.652 [Test worker] DEBUG o.h.engine.internal.TwoPhaseLoad - Processing attribute `header` : value = test header 2
20:08:06.652 [Test worker] DEBUG o.h.engine.internal.TwoPhaseLoad - Attribute (`header`)  - enhanced for lazy-loading? - false
20:08:06.652 [Test worker] DEBUG o.h.engine.internal.TwoPhaseLoad - Processing attribute `name` : value = test name 2
20:08:06.652 [Test worker] DEBUG o.h.engine.internal.TwoPhaseLoad - Attribute (`name`)  - enhanced for lazy-loading? - false
20:08:06.652 [Test worker] DEBUG o.h.engine.internal.TwoPhaseLoad - Done materializing entity [ru.stqa.pft.addressbook.model.GroupData#126]
20:08:06.653 [Test worker] DEBUG o.h.e.t.internal.TransactionImpl - committing
20:08:06.653 [Test worker] DEBUG o.h.e.i.AbstractFlushingEventListener - Processing flush-time cascades
20:08:06.653 [Test worker] DEBUG o.h.e.i.AbstractFlushingEventListener - Dirty checking collections
20:08:06.653 [Test worker] DEBUG o.h.engine.internal.Collections - Collection found: [ru.stqa.pft.addressbook.model.GroupData.contacts#119], was: [ru.stqa.pft.addressbook.model.GroupData.contacts#119] (uninitialized)
20:08:06.653 [Test worker] DEBUG o.h.engine.internal.Collections - Collection found: [ru.stqa.pft.addressbook.model.GroupData.contacts#120], was: [ru.stqa.pft.addressbook.model.GroupData.contacts#120] (uninitialized)
20:08:06.653 [Test worker] DEBUG o.h.engine.internal.Collections - Collection found: [ru.stqa.pft.addressbook.model.GroupData.contacts#122], was: [ru.stqa.pft.addressbook.model.GroupData.contacts#122] (uninitialized)
20:08:06.653 [Test worker] DEBUG o.h.engine.internal.Collections - Collection found: [ru.stqa.pft.addressbook.model.GroupData.contacts#123], was: [ru.stqa.pft.addressbook.model.GroupData.contacts#123] (uninitialized)
20:08:06.653 [Test worker] DEBUG o.h.engine.internal.Collections - Collection found: [ru.stqa.pft.addressbook.model.GroupData.contacts#124], was: [ru.stqa.pft.addressbook.model.GroupData.contacts#124] (uninitialized)
20:08:06.653 [Test worker] DEBUG o.h.engine.internal.Collections - Collection found: [ru.stqa.pft.addressbook.model.GroupData.contacts#125], was: [ru.stqa.pft.addressbook.model.GroupData.contacts#125] (uninitialized)
20:08:06.653 [Test worker] DEBUG o.h.engine.internal.Collections - Collection found: [ru.stqa.pft.addressbook.model.GroupData.contacts#126], was: [ru.stqa.pft.addressbook.model.GroupData.contacts#126] (uninitialized)
20:08:06.654 [Test worker] DEBUG o.h.e.i.AbstractFlushingEventListener - Flushed: 0 insertions, 0 updates, 0 deletions to 7 objects
20:08:06.654 [Test worker] DEBUG o.h.e.i.AbstractFlushingEventListener - Flushed: 0 (re)creations, 0 updates, 0 removals to 7 collections
20:08:06.654 [Test worker] DEBUG o.h.internal.util.EntityPrinter - Listing entities:
20:08:06.654 [Test worker] DEBUG o.h.internal.util.EntityPrinter - ru.stqa.pft.addressbook.model.GroupData{footer=test footer 2, name=test name 2, header=test header 2, id=126, contacts=<uninitialized>}
20:08:06.654 [Test worker] DEBUG o.h.internal.util.EntityPrinter - ru.stqa.pft.addressbook.model.GroupData{footer=test footer 0, name=test name 0, header=test header 0, id=124, contacts=<uninitialized>}
20:08:06.654 [Test worker] DEBUG o.h.internal.util.EntityPrinter - ru.stqa.pft.addressbook.model.GroupData{footer=test footer 1, name=test name 1, header=test header 1, id=125, contacts=<uninitialized>}
20:08:06.654 [Test worker] DEBUG o.h.internal.util.EntityPrinter - ru.stqa.pft.addressbook.model.GroupData{footer=test3, name=test1, header=test2, id=122, contacts=<uninitialized>}
20:08:06.654 [Test worker] DEBUG o.h.internal.util.EntityPrinter - ru.stqa.pft.addressbook.model.GroupData{footer=test footer 2, name=test name 2, header=test header 2, id=123, contacts=<uninitialized>}
20:08:06.654 [Test worker] DEBUG o.h.internal.util.EntityPrinter - ru.stqa.pft.addressbook.model.GroupData{footer=new3, name=UyvfTeY, header=new2, id=120, contacts=<uninitialized>}
20:08:06.654 [Test worker] DEBUG o.h.internal.util.EntityPrinter - ru.stqa.pft.addressbook.model.GroupData{footer=new3, name=HsGyE4c, header=new2, id=119, contacts=<uninitialized>}
20:08:06.654 [Test worker] DEBUG o.h.r.j.i.LogicalConnectionManagedImpl - Initiating JDBC connection release from afterTransaction
20:08:06.654 [Test worker] DEBUG o.h.r.j.i.LogicalConnectionManagedImpl - Initiating JDBC connection release from afterTransaction
]]></system-out>
  <system-err><![CDATA[]]></system-err>
</testsuite>
